0 info it worked if it ends with ok
1 verbose cli [ '/usr/bin/node', '/usr/bin/npm', 'install', 'nvm' ]
2 info using npm@3.5.2
3 info using node@v8.10.0
4 silly loadCurrentTree Starting
5 silly install loadCurrentTree
6 silly install readLocalPackageData
7 silly fetchPackageMetaData nvm
8 silly fetchNamedPackageData nvm
9 silly mapToRegistry name nvm
10 silly mapToRegistry using default registry
11 silly mapToRegistry registry https://registry.npmjs.org/
12 silly mapToRegistry uri https://registry.npmjs.org/nvm
13 verbose request uri https://registry.npmjs.org/nvm
14 verbose request no auth needed
15 info attempt registry request try #1 at 10:43:38 PM
16 verbose request id 6c8bb1518bd3d8ec
17 verbose etag W/"ce2979bc5b4f9f8a496c4164eb4fc82f"
18 verbose lastModified Fri, 29 Nov 2019 09:32:44 GMT
19 http request GET https://registry.npmjs.org/nvm
20 http 304 https://registry.npmjs.org/nvm
21 verbose headers { date: 'Sun, 22 Mar 2020 22:43:38 GMT',
21 verbose headers   connection: 'keep-alive',
21 verbose headers   'set-cookie':
21 verbose headers    [ '__cfduid=d35332bb9bfe2b877485c625d4780e8511584917018; expires=Tue, 21-Apr-20 22:43:38 GMT; path=/; domain=.npmjs.org; HttpOnly; SameSite=Lax' ],
21 verbose headers   'cf-ray': '57836ec5992fc5d0-EWR',
21 verbose headers   'cache-control': 'public, max-age=300',
21 verbose headers   etag: '"ce2979bc5b4f9f8a496c4164eb4fc82f"',
21 verbose headers   'last-modified': 'Fri, 29 Nov 2019 09:32:44 GMT',
21 verbose headers   vary: 'Accept-Encoding',
21 verbose headers   'cf-cache-status': 'REVALIDATED',
21 verbose headers   'expect-ct': 'max-age=604800, report-uri="https://report-uri.cloudflare.com/cdn-cgi/beacon/expect-ct"',
21 verbose headers   server: 'cloudflare' }
22 silly get cb [ 304,
22 silly get   { date: 'Sun, 22 Mar 2020 22:43:38 GMT',
22 silly get     connection: 'keep-alive',
22 silly get     'set-cookie':
22 silly get      [ '__cfduid=d35332bb9bfe2b877485c625d4780e8511584917018; expires=Tue, 21-Apr-20 22:43:38 GMT; path=/; domain=.npmjs.org; HttpOnly; SameSite=Lax' ],
22 silly get     'cf-ray': '57836ec5992fc5d0-EWR',
22 silly get     'cache-control': 'public, max-age=300',
22 silly get     etag: '"ce2979bc5b4f9f8a496c4164eb4fc82f"',
22 silly get     'last-modified': 'Fri, 29 Nov 2019 09:32:44 GMT',
22 silly get     vary: 'Accept-Encoding',
22 silly get     'cf-cache-status': 'REVALIDATED',
22 silly get     'expect-ct': 'max-age=604800, report-uri="https://report-uri.cloudflare.com/cdn-cgi/beacon/expect-ct"',
22 silly get     server: 'cloudflare' } ]
23 verbose etag https://registry.npmjs.org/nvm from cache
24 verbose get saving nvm to /home/magnus/.npm/registry.npmjs.org/nvm/.cache.json
25 silly install normalizeTree
26 silly loadCurrentTree Finishing
27 silly loadIdealTree Starting
28 silly install loadIdealTree
29 silly cloneCurrentTree Starting
30 silly install cloneCurrentTreeToIdealTree
31 silly cloneCurrentTree Finishing
32 silly loadShrinkwrap Starting
33 silly install loadShrinkwrap
34 silly loadShrinkwrap Finishing
35 silly loadAllDepsIntoIdealTree Starting
36 silly install loadAllDepsIntoIdealTree
37 silly resolveWithNewModule nvm@0.0.4 checking installable status
38 silly cache add args [ 'nvm', null ]
39 verbose cache add spec nvm
40 silly cache add parsed spec Result {
40 silly cache add   raw: 'nvm',
40 silly cache add   scope: null,
40 silly cache add   name: 'nvm',
40 silly cache add   rawSpec: '',
40 silly cache add   spec: 'latest',
40 silly cache add   type: 'tag' }
41 silly addNamed nvm@latest
42 verbose addNamed "latest" is being treated as a dist-tag for nvm
43 info addNameTag [ 'nvm', 'latest' ]
44 silly mapToRegistry name nvm
45 silly mapToRegistry using default registry
46 silly mapToRegistry registry https://registry.npmjs.org/
47 silly mapToRegistry uri https://registry.npmjs.org/nvm
48 verbose addNameTag registry:https://registry.npmjs.org/nvm not in flight; fetching
49 verbose get https://registry.npmjs.org/nvm not expired, no request
50 silly addNameTag next cb for nvm with tag latest
51 silly addNamed nvm@0.0.4
52 verbose addNamed "0.0.4" is a plain semver version for nvm
53 warn deprecated nvm@0.0.4: This is NOT the correct nvm. Visit http://nvm.sh and use the curl command to install it.
54 silly cache afterAdd nvm@0.0.4
55 verbose afterAdd /home/magnus/.npm/nvm/0.0.4/package/package.json not in flight; writing
56 verbose afterAdd /home/magnus/.npm/nvm/0.0.4/package/package.json written
57 silly loadAllDepsIntoIdealTree Finishing
58 silly idealTree:prePrune tamanga_catalogue@
58 silly idealTree:prePrune ├── @sindresorhus/is@0.14.0
58 silly idealTree:prePrune ├── @szmarczak/http-timer@1.1.2
58 silly idealTree:prePrune ├─┬ cacheable-request@6.1.0
58 silly idealTree:prePrune │ ├── get-stream@5.1.0
58 silly idealTree:prePrune │ └── lowercase-keys@2.0.0
58 silly idealTree:prePrune ├── clone-response@1.0.2
58 silly idealTree:prePrune ├── decompress-response@3.3.0
58 silly idealTree:prePrune ├── deep-extend@0.6.0
58 silly idealTree:prePrune ├── defer-to-connect@1.1.3
58 silly idealTree:prePrune ├── duplexer3@0.1.4
58 silly idealTree:prePrune ├── end-of-stream@1.4.4
58 silly idealTree:prePrune ├── get-stream@4.1.0
58 silly idealTree:prePrune ├── got@9.6.0
58 silly idealTree:prePrune ├── http-cache-semantics@4.1.0
58 silly idealTree:prePrune ├── ini@1.3.5
58 silly idealTree:prePrune ├── json-buffer@3.0.0
58 silly idealTree:prePrune ├── keyv@3.1.0
58 silly idealTree:prePrune ├── latest-version@5.1.0
58 silly idealTree:prePrune ├── lowercase-keys@1.0.1
58 silly idealTree:prePrune ├── mimic-response@1.0.1
58 silly idealTree:prePrune ├── minimist@1.2.5
58 silly idealTree:prePrune ├── normalize-url@4.5.0
58 silly idealTree:prePrune ├─┬ npx@10.2.2
58 silly idealTree:prePrune │ ├── ansi-align@2.0.0
58 silly idealTree:prePrune │ ├── ansi-regex@3.0.0
58 silly idealTree:prePrune │ ├── ansi-styles@3.2.1
58 silly idealTree:prePrune │ ├── balanced-match@1.0.0
58 silly idealTree:prePrune │ ├── boxen@1.3.0
58 silly idealTree:prePrune │ ├── brace-expansion@1.1.11
58 silly idealTree:prePrune │ ├── builtins@1.0.3
58 silly idealTree:prePrune │ ├── camelcase@4.1.0
58 silly idealTree:prePrune │ ├── capture-stack-trace@1.0.1
58 silly idealTree:prePrune │ ├── chalk@2.4.2
58 silly idealTree:prePrune │ ├── ci-info@1.6.0
58 silly idealTree:prePrune │ ├── cli-boxes@1.0.0
58 silly idealTree:prePrune │ ├── cliui@4.1.0
58 silly idealTree:prePrune │ ├── code-point-at@1.1.0
58 silly idealTree:prePrune │ ├── color-convert@1.9.3
58 silly idealTree:prePrune │ ├── color-name@1.1.3
58 silly idealTree:prePrune │ ├── concat-map@0.0.1
58 silly idealTree:prePrune │ ├── configstore@3.1.2
58 silly idealTree:prePrune │ ├── create-error-class@3.0.2
58 silly idealTree:prePrune │ ├── cross-spawn@5.1.0
58 silly idealTree:prePrune │ ├── crypto-random-string@1.0.0
58 silly idealTree:prePrune │ ├── decamelize@1.2.0
58 silly idealTree:prePrune │ ├── deep-extend@0.6.0
58 silly idealTree:prePrune │ ├── dot-prop@4.2.0
58 silly idealTree:prePrune │ ├── dotenv@5.0.1
58 silly idealTree:prePrune │ ├── duplexer3@0.1.4
58 silly idealTree:prePrune │ ├── end-of-stream@1.4.4
58 silly idealTree:prePrune │ ├── escape-string-regexp@1.0.5
58 silly idealTree:prePrune │ ├── execa@0.7.0
58 silly idealTree:prePrune │ ├── find-up@2.1.0
58 silly idealTree:prePrune │ ├── fs.realpath@1.0.0
58 silly idealTree:prePrune │ ├── get-caller-file@1.0.3
58 silly idealTree:prePrune │ ├── get-stream@3.0.0
58 silly idealTree:prePrune │ ├── glob@7.1.6
58 silly idealTree:prePrune │ ├── global-dirs@0.1.1
58 silly idealTree:prePrune │ ├── got@6.7.1
58 silly idealTree:prePrune │ ├── graceful-fs@4.2.3
58 silly idealTree:prePrune │ ├── has-flag@3.0.0
58 silly idealTree:prePrune │ ├── hosted-git-info@2.8.5
58 silly idealTree:prePrune │ ├── import-lazy@2.1.0
58 silly idealTree:prePrune │ ├── imurmurhash@0.1.4
58 silly idealTree:prePrune │ ├── inflight@1.0.6
58 silly idealTree:prePrune │ ├── inherits@2.0.4
58 silly idealTree:prePrune │ ├── ini@1.3.5
58 silly idealTree:prePrune │ ├── invert-kv@2.0.0
58 silly idealTree:prePrune │ ├── is-ci@1.2.1
58 silly idealTree:prePrune │ ├── is-fullwidth-code-point@2.0.0
58 silly idealTree:prePrune │ ├── is-installed-globally@0.1.0
58 silly idealTree:prePrune │ ├── is-npm@1.0.0
58 silly idealTree:prePrune │ ├── is-obj@1.0.1
58 silly idealTree:prePrune │ ├── is-path-inside@1.0.1
58 silly idealTree:prePrune │ ├── is-redirect@1.0.0
58 silly idealTree:prePrune │ ├── is-retry-allowed@1.2.0
58 silly idealTree:prePrune │ ├── is-stream@1.1.0
58 silly idealTree:prePrune │ ├── isexe@2.0.0
58 silly idealTree:prePrune │ ├── latest-version@3.1.0
58 silly idealTree:prePrune │ ├── lcid@2.0.0
58 silly idealTree:prePrune │ ├── libnpx@10.2.2
58 silly idealTree:prePrune │ ├── locate-path@2.0.0
58 silly idealTree:prePrune │ ├── lowercase-keys@1.0.1
58 silly idealTree:prePrune │ ├── lru-cache@4.1.5
58 silly idealTree:prePrune │ ├── make-dir@1.3.0
58 silly idealTree:prePrune │ ├── map-age-cleaner@0.1.3
58 silly idealTree:prePrune │ ├── mem@4.3.0
58 silly idealTree:prePrune │ ├── mimic-fn@2.1.0
58 silly idealTree:prePrune │ ├── minimatch@3.0.4
58 silly idealTree:prePrune │ ├── minimist@1.2.0
58 silly idealTree:prePrune │ ├── nice-try@1.0.5
58 silly idealTree:prePrune │ ├── npm-package-arg@6.1.1
58 silly idealTree:prePrune │ ├── npm-run-path@2.0.2
58 silly idealTree:prePrune │ ├─┬ npm@5.1.0
58 silly idealTree:prePrune │ │ ├── abbrev@1.1.0
58 silly idealTree:prePrune │ │ ├── ansi-regex@3.0.0
58 silly idealTree:prePrune │ │ ├── ansicolors@0.3.2
58 silly idealTree:prePrune │ │ ├── ansistyles@0.1.3
58 silly idealTree:prePrune │ │ ├── aproba@1.1.2
58 silly idealTree:prePrune │ │ ├── archy@1.0.0
58 silly idealTree:prePrune │ │ ├── bluebird@3.5.0
58 silly idealTree:prePrune │ │ ├─┬ cacache@9.2.9
58 silly idealTree:prePrune │ │ │ ├─┬ lru-cache@4.1.1
58 silly idealTree:prePrune │ │ │ │ ├── pseudomap@1.0.2
58 silly idealTree:prePrune │ │ │ │ └── yallist@2.1.2
58 silly idealTree:prePrune │ │ │ └── y18n@3.2.1
58 silly idealTree:prePrune │ │ ├── call-limit@1.1.0
58 silly idealTree:prePrune │ │ ├── chownr@1.0.1
58 silly idealTree:prePrune │ │ ├── cmd-shim@2.0.2
58 silly idealTree:prePrune │ │ ├─┬ columnify@1.5.4
58 silly idealTree:prePrune │ │ │ ├─┬ strip-ansi@3.0.1
58 silly idealTree:prePrune │ │ │ │ └── ansi-regex@2.1.1
58 silly idealTree:prePrune │ │ │ └─┬ wcwidth@1.0.1
58 silly idealTree:prePrune │ │ │   └─┬ defaults@1.0.3
58 silly idealTree:prePrune │ │ │     └── clone@1.0.2
58 silly idealTree:prePrune │ │ ├─┬ config-chain@1.1.11
58 silly idealTree:prePrune │ │ │ └── proto-list@1.2.4
58 silly idealTree:prePrune │ │ ├── debuglog@1.0.1
58 silly idealTree:prePrune │ │ ├── detect-indent@5.0.0
58 silly idealTree:prePrune │ │ ├─┬ dezalgo@1.0.3
58 silly idealTree:prePrune │ │ │ └── asap@2.0.5
58 silly idealTree:prePrune │ │ ├── editor@1.0.0
58 silly idealTree:prePrune │ │ ├── fs-vacuum@1.2.10
58 silly idealTree:prePrune │ │ ├── fs-write-stream-atomic@1.0.10
58 silly idealTree:prePrune │ │ ├─┬ fstream-npm@1.2.1
58 silly idealTree:prePrune │ │ │ └─┬ fstream-ignore@1.0.5
58 silly idealTree:prePrune │ │ │   └─┬ minimatch@3.0.4
58 silly idealTree:prePrune │ │ │     └─┬ brace-expansion@1.1.8
58 silly idealTree:prePrune │ │ │       ├── balanced-match@1.0.0
58 silly idealTree:prePrune │ │ │       └── concat-map@0.0.1
58 silly idealTree:prePrune │ │ ├── fstream@1.0.11
58 silly idealTree:prePrune │ │ ├─┬ glob@7.1.2
58 silly idealTree:prePrune │ │ │ ├── fs.realpath@1.0.0
58 silly idealTree:prePrune │ │ │ ├─┬ minimatch@3.0.4
58 silly idealTree:prePrune │ │ │ │ └─┬ brace-expansion@1.1.8
58 silly idealTree:prePrune │ │ │ │   ├── balanced-match@1.0.0
58 silly idealTree:prePrune │ │ │ │   └── concat-map@0.0.1
58 silly idealTree:prePrune │ │ │ └── path-is-absolute@1.0.1
58 silly idealTree:prePrune │ │ ├── graceful-fs@4.1.11
58 silly idealTree:prePrune │ │ ├── has-unicode@2.0.1
58 silly idealTree:prePrune │ │ ├── hosted-git-info@2.5.0
58 silly idealTree:prePrune │ │ ├── iferr@0.1.5
58 silly idealTree:prePrune │ │ ├── imurmurhash@0.1.4
58 silly idealTree:prePrune │ │ ├── inflight@1.0.6
58 silly idealTree:prePrune │ │ ├── inherits@2.0.3
58 silly idealTree:prePrune │ │ ├── ini@1.3.4
58 silly idealTree:prePrune │ │ ├─┬ init-package-json@1.10.1
58 silly idealTree:prePrune │ │ │ └── promzard@0.3.0
58 silly idealTree:prePrune │ │ ├─┬ JSONStream@1.3.1
58 silly idealTree:prePrune │ │ │ ├── jsonparse@1.3.1
58 silly idealTree:prePrune │ │ │ └── through@2.3.8
58 silly idealTree:prePrune │ │ ├── lazy-property@1.0.0
58 silly idealTree:prePrune │ │ ├── lockfile@1.0.3
58 silly idealTree:prePrune │ │ ├── lodash._baseindexof@3.1.0
58 silly idealTree:prePrune │ │ ├─┬ lodash._baseuniq@4.6.0
58 silly idealTree:prePrune │ │ │ ├── lodash._createset@4.0.3
58 silly idealTree:prePrune │ │ │ └── lodash._root@3.0.1
58 silly idealTree:prePrune │ │ ├── lodash._bindcallback@3.0.1
58 silly idealTree:prePrune │ │ ├── lodash._cacheindexof@3.0.2
58 silly idealTree:prePrune │ │ ├── lodash._createcache@3.1.2
58 silly idealTree:prePrune │ │ ├── lodash._getnative@3.9.1
58 silly idealTree:prePrune │ │ ├── lodash.clonedeep@4.5.0
58 silly idealTree:prePrune │ │ ├── lodash.restparam@3.6.1
58 silly idealTree:prePrune │ │ ├── lodash.union@4.6.0
58 silly idealTree:prePrune │ │ ├── lodash.uniq@4.5.0
58 silly idealTree:prePrune │ │ ├── lodash.without@4.4.0
58 silly idealTree:prePrune │ │ ├─┬ lru-cache@4.1.1
58 silly idealTree:prePrune │ │ │ ├── pseudomap@1.0.2
58 silly idealTree:prePrune │ │ │ └── yallist@2.1.2
58 silly idealTree:prePrune │ │ ├─┬ mississippi@1.3.0
58 silly idealTree:prePrune │ │ │ ├─┬ concat-stream@1.6.0
58 silly idealTree:prePrune │ │ │ │ └── typedarray@0.0.6
58 silly idealTree:prePrune │ │ │ ├─┬ duplexify@3.5.0
58 silly idealTree:prePrune │ │ │ │ ├─┬ end-of-stream@1.0.0
58 silly idealTree:prePrune │ │ │ │ │ └── once@1.3.3
58 silly idealTree:prePrune │ │ │ │ └── stream-shift@1.0.0
58 silly idealTree:prePrune │ │ │ ├── end-of-stream@1.4.0
58 silly idealTree:prePrune │ │ │ ├── flush-write-stream@1.0.2
58 silly idealTree:prePrune │ │ │ ├── from2@2.3.0
58 silly idealTree:prePrune │ │ │ ├─┬ parallel-transform@1.1.0
58 silly idealTree:prePrune │ │ │ │ └── cyclist@0.2.2
58 silly idealTree:prePrune │ │ │ ├── pump@1.0.2
58 silly idealTree:prePrune │ │ │ ├── pumpify@1.3.5
58 silly idealTree:prePrune │ │ │ ├─┬ stream-each@1.2.0
58 silly idealTree:prePrune │ │ │ │ └── stream-shift@1.0.0
58 silly idealTree:prePrune │ │ │ └─┬ through2@2.0.3
58 silly idealTree:prePrune │ │ │   └── xtend@4.0.1
58 silly idealTree:prePrune │ │ ├─┬ mkdirp@0.5.1
58 silly idealTree:prePrune │ │ │ └── minimist@0.0.8
58 silly idealTree:prePrune │ │ ├─┬ move-concurrently@1.0.1
58 silly idealTree:prePrune │ │ │ ├── copy-concurrently@1.0.3
58 silly idealTree:prePrune │ │ │ └── run-queue@1.0.3
58 silly idealTree:prePrune │ │ ├─┬ node-gyp@3.6.2
58 silly idealTree:prePrune │ │ │ ├─┬ minimatch@3.0.4
58 silly idealTree:prePrune │ │ │ │ └─┬ brace-expansion@1.1.8
58 silly idealTree:prePrune │ │ │ │   ├── balanced-match@1.0.0
58 silly idealTree:prePrune │ │ │ │   └── concat-map@0.0.1
58 silly idealTree:prePrune │ │ │ └── nopt@3.0.6
58 silly idealTree:prePrune │ │ ├── nopt@4.0.1
58 silly idealTree:prePrune │ │ ├─┬ normalize-package-data@2.4.0
58 silly idealTree:prePrune │ │ │ └─┬ is-builtin-module@1.0.0
58 silly idealTree:prePrune │ │ │   └── builtin-modules@1.1.1
58 silly idealTree:prePrune │ │ ├── npm-cache-filename@1.0.2
58 silly idealTree:prePrune │ │ ├── npm-install-checks@3.0.0
58 silly idealTree:prePrune │ │ ├── npm-package-arg@5.1.2
58 silly idealTree:prePrune │ │ ├─┬ npm-registry-client@8.4.0
58 silly idealTree:prePrune │ │ │ └─┬ concat-stream@1.6.0
58 silly idealTree:prePrune │ │ │   └── typedarray@0.0.6
58 silly idealTree:prePrune │ │ ├── npm-user-validate@1.0.0
58 silly idealTree:prePrune │ │ ├─┬ npmlog@4.1.2
58 silly idealTree:prePrune │ │ │ ├─┬ are-we-there-yet@1.1.4
58 silly idealTree:prePrune │ │ │ │ └── delegates@1.0.0
58 silly idealTree:prePrune │ │ │ ├── console-control-strings@1.1.0
58 silly idealTree:prePrune │ │ │ ├─┬ gauge@2.7.4
58 silly idealTree:prePrune │ │ │ │ ├── object-assign@4.1.1
58 silly idealTree:prePrune │ │ │ │ ├── signal-exit@3.0.2
58 silly idealTree:prePrune │ │ │ │ ├─┬ string-width@1.0.2
58 silly idealTree:prePrune │ │ │ │ │ ├── code-point-at@1.1.0
58 silly idealTree:prePrune │ │ │ │ │ └─┬ is-fullwidth-code-point@1.0.0
58 silly idealTree:prePrune │ │ │ │ │   └── number-is-nan@1.0.1
58 silly idealTree:prePrune │ │ │ │ ├─┬ strip-ansi@3.0.1
58 silly idealTree:prePrune │ │ │ │ │ └── ansi-regex@2.1.1
58 silly idealTree:prePrune │ │ │ │ └── wide-align@1.1.2
58 silly idealTree:prePrune │ │ │ └── set-blocking@2.0.0
58 silly idealTree:prePrune │ │ ├── once@1.4.0
58 silly idealTree:prePrune │ │ ├── opener@1.4.3
58 silly idealTree:prePrune │ │ ├─┬ osenv@0.1.4
58 silly idealTree:prePrune │ │ │ ├── os-homedir@1.0.2
58 silly idealTree:prePrune │ │ │ └── os-tmpdir@1.0.2
58 silly idealTree:prePrune │ │ ├─┬ pacote@2.7.38
58 silly idealTree:prePrune │ │ │ ├─┬ make-fetch-happen@2.4.13
58 silly idealTree:prePrune │ │ │ │ ├─┬ agentkeepalive@3.3.0
58 silly idealTree:prePrune │ │ │ │ │ └─┬ humanize-ms@1.2.1
58 silly idealTree:prePrune │ │ │ │ │   └── ms@2.0.0
58 silly idealTree:prePrune │ │ │ │ ├── http-cache-semantics@3.7.3
58 silly idealTree:prePrune │ │ │ │ ├─┬ http-proxy-agent@2.0.0
58 silly idealTree:prePrune │ │ │ │ │ ├─┬ agent-base@4.1.0
58 silly idealTree:prePrune │ │ │ │ │ │ └─┬ es6-promisify@5.0.0
58 silly idealTree:prePrune │ │ │ │ │ │   └── es6-promise@4.1.1
58 silly idealTree:prePrune │ │ │ │ │ └─┬ debug@2.6.8
58 silly idealTree:prePrune │ │ │ │ │   └── ms@2.0.0
58 silly idealTree:prePrune │ │ │ │ ├─┬ https-proxy-agent@2.0.0
58 silly idealTree:prePrune │ │ │ │ │ ├─┬ agent-base@4.1.0
58 silly idealTree:prePrune │ │ │ │ │ │ └─┬ es6-promisify@5.0.0
58 silly idealTree:prePrune │ │ │ │ │ │   └── es6-promise@4.1.1
58 silly idealTree:prePrune │ │ │ │ │ └─┬ debug@2.6.8
58 silly idealTree:prePrune │ │ │ │ │   └── ms@2.0.0
58 silly idealTree:prePrune │ │ │ │ ├─┬ node-fetch-npm@2.0.1
58 silly idealTree:prePrune │ │ │ │ │ ├─┬ encoding@0.1.12
58 silly idealTree:prePrune │ │ │ │ │ │ └── iconv-lite@0.4.18
58 silly idealTree:prePrune │ │ │ │ │ └─┬ json-parse-helpfulerror@1.0.3
58 silly idealTree:prePrune │ │ │ │ │   └── jju@1.3.0
58 silly idealTree:prePrune │ │ │ │ └─┬ socks-proxy-agent@3.0.0
58 silly idealTree:prePrune │ │ │ │   ├─┬ agent-base@4.1.0
58 silly idealTree:prePrune │ │ │ │   │ └─┬ es6-promisify@5.0.0
58 silly idealTree:prePrune │ │ │ │   │   └── es6-promise@4.1.1
58 silly idealTree:prePrune │ │ │ │   └─┬ socks@1.1.10
58 silly idealTree:prePrune │ │ │ │     ├── ip@1.1.5
58 silly idealTree:prePrune │ │ │ │     └── smart-buffer@1.1.15
58 silly idealTree:prePrune │ │ │ ├─┬ minimatch@3.0.4
58 silly idealTree:prePrune │ │ │ │ └─┬ brace-expansion@1.1.8
58 silly idealTree:prePrune │ │ │ │   ├── balanced-match@1.0.0
58 silly idealTree:prePrune │ │ │ │   └── concat-map@0.0.1
58 silly idealTree:prePrune │ │ │ ├── npm-pick-manifest@1.0.4
58 silly idealTree:prePrune │ │ │ ├─┬ promise-retry@1.1.1
58 silly idealTree:prePrune │ │ │ │ └── err-code@1.1.2
58 silly idealTree:prePrune │ │ │ ├─┬ protoduck@4.0.0
58 silly idealTree:prePrune │ │ │ │ └── genfun@4.0.1
58 silly idealTree:prePrune │ │ │ ├─┬ tar-fs@1.15.3
58 silly idealTree:prePrune │ │ │ │ └─┬ pump@1.0.2
58 silly idealTree:prePrune │ │ │ │   └── end-of-stream@1.4.0
58 silly idealTree:prePrune │ │ │ └─┬ tar-stream@1.5.4
58 silly idealTree:prePrune │ │ │   ├── bl@1.2.1
58 silly idealTree:prePrune │ │ │   ├── end-of-stream@1.4.0
58 silly idealTree:prePrune │ │ │   └── xtend@4.0.1
58 silly idealTree:prePrune │ │ ├── path-is-inside@1.0.2
58 silly idealTree:prePrune │ │ ├── promise-inflight@1.0.1
58 silly idealTree:prePrune │ │ ├── read-cmd-shim@1.0.1
58 silly idealTree:prePrune │ │ ├─┬ read-installed@4.0.3
58 silly idealTree:prePrune │ │ │ └── util-extend@1.0.3
58 silly idealTree:prePrune │ │ ├─┬ read-package-json@2.0.9
58 silly idealTree:prePrune │ │ │ └─┬ json-parse-helpfulerror@1.0.3
58 silly idealTree:prePrune │ │ │   └── jju@1.3.0
58 silly idealTree:prePrune │ │ ├── read-package-tree@5.1.6
58 silly idealTree:prePrune │ │ ├─┬ read@1.0.7
58 silly idealTree:prePrune │ │ │ └── mute-stream@0.0.7
58 silly idealTree:prePrune │ │ ├─┬ readable-stream@2.3.2
58 silly idealTree:prePrune │ │ │ ├── core-util-is@1.0.2
58 silly idealTree:prePrune │ │ │ ├── isarray@1.0.0
58 silly idealTree:prePrune │ │ │ ├── process-nextick-args@1.0.7
58 silly idealTree:prePrune │ │ │ ├── string_decoder@1.0.3
58 silly idealTree:prePrune │ │ │ └── util-deprecate@1.0.2
58 silly idealTree:prePrune │ │ ├── readdir-scoped-modules@1.0.2
58 silly idealTree:prePrune │ │ ├─┬ request@2.81.0
58 silly idealTree:prePrune │ │ │ ├── aws-sign2@0.6.0
58 silly idealTree:prePrune │ │ │ ├── aws4@1.6.0
58 silly idealTree:prePrune │ │ │ ├── caseless@0.12.0
58 silly idealTree:prePrune │ │ │ ├─┬ combined-stream@1.0.5
58 silly idealTree:prePrune │ │ │ │ └── delayed-stream@1.0.0
58 silly idealTree:prePrune │ │ │ ├── extend@3.0.1
58 silly idealTree:prePrune │ │ │ ├── forever-agent@0.6.1
58 silly idealTree:prePrune │ │ │ ├─┬ form-data@2.1.4
58 silly idealTree:prePrune │ │ │ │ └── asynckit@0.4.0
58 silly idealTree:prePrune │ │ │ ├─┬ har-validator@4.2.1
58 silly idealTree:prePrune │ │ │ │ ├─┬ ajv@4.11.8
58 silly idealTree:prePrune │ │ │ │ │ ├── co@4.6.0
58 silly idealTree:prePrune │ │ │ │ │ └─┬ json-stable-stringify@1.0.1
58 silly idealTree:prePrune │ │ │ │ │   └── jsonify@0.0.0
58 silly idealTree:prePrune │ │ │ │ └── har-schema@1.0.5
58 silly idealTree:prePrune │ │ │ ├─┬ hawk@3.1.3
58 silly idealTree:prePrune │ │ │ │ ├── boom@2.10.1
58 silly idealTree:prePrune │ │ │ │ ├── cryptiles@2.0.5
58 silly idealTree:prePrune │ │ │ │ ├── hoek@2.16.3
58 silly idealTree:prePrune │ │ │ │ └── sntp@1.0.9
58 silly idealTree:prePrune │ │ │ ├─┬ http-signature@1.1.1
58 silly idealTree:prePrune │ │ │ │ ├── assert-plus@0.2.0
58 silly idealTree:prePrune │ │ │ │ ├─┬ jsprim@1.4.0
58 silly idealTree:prePrune │ │ │ │ │ ├── assert-plus@1.0.0
58 silly idealTree:prePrune │ │ │ │ │ ├── extsprintf@1.0.2
58 silly idealTree:prePrune │ │ │ │ │ ├── json-schema@0.2.3
58 silly idealTree:prePrune │ │ │ │ │ └── verror@1.3.6
58 silly idealTree:prePrune │ │ │ │ └─┬ sshpk@1.13.1
58 silly idealTree:prePrune │ │ │ │   ├── asn1@0.2.3
58 silly idealTree:prePrune │ │ │ │   ├── assert-plus@1.0.0
58 silly idealTree:prePrune │ │ │ │   ├── bcrypt-pbkdf@1.0.1
58 silly idealTree:prePrune │ │ │ │   ├── dashdash@1.14.1
58 silly idealTree:prePrune │ │ │ │   ├── ecc-jsbn@0.1.1
58 silly idealTree:prePrune │ │ │ │   ├── getpass@0.1.7
58 silly idealTree:prePrune │ │ │ │   ├── jsbn@0.1.1
58 silly idealTree:prePrune │ │ │ │   └── tweetnacl@0.14.5
58 silly idealTree:prePrune │ │ │ ├── is-typedarray@1.0.0
58 silly idealTree:prePrune │ │ │ ├── isstream@0.1.2
58 silly idealTree:prePrune │ │ │ ├── json-stringify-safe@5.0.1
58 silly idealTree:prePrune │ │ │ ├─┬ mime-types@2.1.15
58 silly idealTree:prePrune │ │ │ │ └── mime-db@1.27.0
58 silly idealTree:prePrune │ │ │ ├── oauth-sign@0.8.2
58 silly idealTree:prePrune │ │ │ ├── performance-now@0.2.0
58 silly idealTree:prePrune │ │ │ ├── qs@6.4.0
58 silly idealTree:prePrune │ │ │ ├── stringstream@0.0.5
58 silly idealTree:prePrune │ │ │ ├─┬ tough-cookie@2.3.2
58 silly idealTree:prePrune │ │ │ │ └── punycode@1.4.1
58 silly idealTree:prePrune │ │ │ └── tunnel-agent@0.6.0
58 silly idealTree:prePrune │ │ ├── retry@0.10.1
58 silly idealTree:prePrune │ │ ├── rimraf@2.6.1
58 silly idealTree:prePrune │ │ ├── safe-buffer@5.1.1
58 silly idealTree:prePrune │ │ ├── semver@5.3.0
58 silly idealTree:prePrune │ │ ├── sha@2.0.1
58 silly idealTree:prePrune │ │ ├── slide@1.1.6
58 silly idealTree:prePrune │ │ ├── sorted-object@2.0.1
58 silly idealTree:prePrune │ │ ├─┬ sorted-union-stream@2.1.3
58 silly idealTree:prePrune │ │ │ ├─┬ from2@1.3.0
58 silly idealTree:prePrune │ │ │ │ └─┬ readable-stream@1.1.14
58 silly idealTree:prePrune │ │ │ │   ├── core-util-is@1.0.2
58 silly idealTree:prePrune │ │ │ │   ├── isarray@0.0.1
58 silly idealTree:prePrune │ │ │ │   └── string_decoder@0.10.31
58 silly idealTree:prePrune │ │ │ └─┬ stream-iterate@1.2.0
58 silly idealTree:prePrune │ │ │   └── stream-shift@1.0.0
58 silly idealTree:prePrune │ │ ├── ssri@4.1.6
58 silly idealTree:prePrune │ │ ├─┬ strip-ansi@4.0.0
58 silly idealTree:prePrune │ │ │ └── ansi-regex@3.0.0
58 silly idealTree:prePrune │ │ ├─┬ tar@2.2.1
58 silly idealTree:prePrune │ │ │ └── block-stream@0.0.9
58 silly idealTree:prePrune │ │ ├── text-table@0.2.0
58 silly idealTree:prePrune │ │ ├── uid-number@0.0.6
58 silly idealTree:prePrune │ │ ├── umask@1.1.0
58 silly idealTree:prePrune │ │ ├─┬ unique-filename@1.1.0
58 silly idealTree:prePrune │ │ │ └── unique-slug@2.0.0
58 silly idealTree:prePrune │ │ ├── unpipe@1.0.0
58 silly idealTree:prePrune │ │ ├─┬ update-notifier@2.2.0
58 silly idealTree:prePrune │ │ │ ├─┬ boxen@1.1.0
58 silly idealTree:prePrune │ │ │ │ ├── ansi-align@2.0.0
58 silly idealTree:prePrune │ │ │ │ ├── camelcase@4.1.0
58 silly idealTree:prePrune │ │ │ │ ├── cli-boxes@1.0.0
58 silly idealTree:prePrune │ │ │ │ ├─┬ string-width@2.1.0
58 silly idealTree:prePrune │ │ │ │ │ ├── is-fullwidth-code-point@2.0.0
58 silly idealTree:prePrune │ │ │ │ │ └── strip-ansi@4.0.0
58 silly idealTree:prePrune │ │ │ │ ├─┬ term-size@0.1.1
58 silly idealTree:prePrune │ │ │ │ │ └─┬ execa@0.4.0
58 silly idealTree:prePrune │ │ │ │ │   ├── cross-spawn-async@2.2.5
58 silly idealTree:prePrune │ │ │ │ │   ├── is-stream@1.1.0
58 silly idealTree:prePrune │ │ │ │ │   ├── npm-run-path@1.0.0
58 silly idealTree:prePrune │ │ │ │ │   ├── object-assign@4.1.1
58 silly idealTree:prePrune │ │ │ │ │   ├── path-key@1.0.0
58 silly idealTree:prePrune │ │ │ │ │   └── strip-eof@1.0.0
58 silly idealTree:prePrune │ │ │ │ └─┬ widest-line@1.0.0
58 silly idealTree:prePrune │ │ │ │   └─┬ string-width@1.0.2
58 silly idealTree:prePrune │ │ │ │     ├── code-point-at@1.1.0
58 silly idealTree:prePrune │ │ │ │     ├─┬ is-fullwidth-code-point@1.0.0
58 silly idealTree:prePrune │ │ │ │     │ └── number-is-nan@1.0.1
58 silly idealTree:prePrune │ │ │ │     └─┬ strip-ansi@3.0.1
58 silly idealTree:prePrune │ │ │ │       └── ansi-regex@2.1.1
58 silly idealTree:prePrune │ │ │ ├─┬ chalk@1.1.3
58 silly idealTree:prePrune │ │ │ │ ├── ansi-styles@2.2.1
58 silly idealTree:prePrune │ │ │ │ ├── escape-string-regexp@1.0.5
58 silly idealTree:prePrune │ │ │ │ ├─┬ has-ansi@2.0.0
58 silly idealTree:prePrune │ │ │ │ │ └── ansi-regex@2.1.1
58 silly idealTree:prePrune │ │ │ │ ├─┬ strip-ansi@3.0.1
58 silly idealTree:prePrune │ │ │ │ │ └── ansi-regex@2.1.1
58 silly idealTree:prePrune │ │ │ │ └── supports-color@2.0.0
58 silly idealTree:prePrune │ │ │ ├─┬ configstore@3.1.0
58 silly idealTree:prePrune │ │ │ │ ├─┬ dot-prop@4.1.1
58 silly idealTree:prePrune │ │ │ │ │ └── is-obj@1.0.1
58 silly idealTree:prePrune │ │ │ │ ├─┬ make-dir@1.0.0
58 silly idealTree:prePrune │ │ │ │ │ └── pify@2.3.0
58 silly idealTree:prePrune │ │ │ │ └─┬ unique-string@1.0.0
58 silly idealTree:prePrune │ │ │ │   └── crypto-random-string@1.0.0
58 silly idealTree:prePrune │ │ │ ├── import-lazy@2.1.0
58 silly idealTree:prePrune │ │ │ ├── is-npm@1.0.0
58 silly idealTree:prePrune │ │ │ ├─┬ latest-version@3.1.0
58 silly idealTree:prePrune │ │ │ │ └─┬ package-json@4.0.1
58 silly idealTree:prePrune │ │ │ │   ├─┬ got@6.7.1
58 silly idealTree:prePrune │ │ │ │   │ ├─┬ create-error-class@3.0.2
58 silly idealTree:prePrune │ │ │ │   │ │ └── capture-stack-trace@1.0.0
58 silly idealTree:prePrune │ │ │ │   │ ├── duplexer3@0.1.4
58 silly idealTree:prePrune │ │ │ │   │ ├── get-stream@3.0.0
58 silly idealTree:prePrune │ │ │ │   │ ├── is-redirect@1.0.0
58 silly idealTree:prePrune │ │ │ │   │ ├── is-retry-allowed@1.1.0
58 silly idealTree:prePrune │ │ │ │   │ ├── is-stream@1.1.0
58 silly idealTree:prePrune │ │ │ │   │ ├── lowercase-keys@1.0.0
58 silly idealTree:prePrune │ │ │ │   │ ├── timed-out@4.0.1
58 silly idealTree:prePrune │ │ │ │   │ ├── unzip-response@2.0.1
58 silly idealTree:prePrune │ │ │ │   │ └─┬ url-parse-lax@1.0.0
58 silly idealTree:prePrune │ │ │ │   │   └── prepend-http@1.0.4
58 silly idealTree:prePrune │ │ │ │   ├─┬ registry-auth-token@3.3.1
58 silly idealTree:prePrune │ │ │ │   │ └─┬ rc@1.2.1
58 silly idealTree:prePrune │ │ │ │   │   ├── deep-extend@0.4.2
58 silly idealTree:prePrune │ │ │ │   │   ├── minimist@1.2.0
58 silly idealTree:prePrune │ │ │ │   │   └── strip-json-comments@2.0.1
58 silly idealTree:prePrune │ │ │ │   └─┬ registry-url@3.1.0
58 silly idealTree:prePrune │ │ │ │     └─┬ rc@1.2.1
58 silly idealTree:prePrune │ │ │ │       ├── deep-extend@0.4.2
58 silly idealTree:prePrune │ │ │ │       ├── minimist@1.2.0
58 silly idealTree:prePrune │ │ │ │       └── strip-json-comments@2.0.1
58 silly idealTree:prePrune │ │ │ ├── semver-diff@2.1.0
58 silly idealTree:prePrune │ │ │ └── xdg-basedir@3.0.0
58 silly idealTree:prePrune │ │ ├── uuid@3.1.0
58 silly idealTree:prePrune │ │ ├─┬ validate-npm-package-license@3.0.1
58 silly idealTree:prePrune │ │ │ ├─┬ spdx-correct@1.0.2
58 silly idealTree:prePrune │ │ │ │ └── spdx-license-ids@1.2.2
58 silly idealTree:prePrune │ │ │ └── spdx-expression-parse@1.0.4
58 silly idealTree:prePrune │ │ ├─┬ validate-npm-package-name@3.0.0
58 silly idealTree:prePrune │ │ │ └── builtins@1.0.3
58 silly idealTree:prePrune │ │ ├─┬ which@1.2.14
58 silly idealTree:prePrune │ │ │ └── isexe@2.0.0
58 silly idealTree:prePrune │ │ ├─┬ worker-farm@1.3.1
58 silly idealTree:prePrune │ │ │ ├─┬ errno@0.1.4
58 silly idealTree:prePrune │ │ │ │ └── prr@0.0.0
58 silly idealTree:prePrune │ │ │ └── xtend@4.0.1
58 silly idealTree:prePrune │ │ ├── wrappy@1.0.2
58 silly idealTree:prePrune │ │ └── write-file-atomic@2.1.0
58 silly idealTree:prePrune │ ├── number-is-nan@1.0.1
58 silly idealTree:prePrune │ ├── once@1.4.0
58 silly idealTree:prePrune │ ├── os-homedir@1.0.2
58 silly idealTree:prePrune │ ├─┬ os-locale@3.1.0
58 silly idealTree:prePrune │ │ ├── cross-spawn@6.0.5
58 silly idealTree:prePrune │ │ ├── execa@1.0.0
58 silly idealTree:prePrune │ │ └── get-stream@4.1.0
58 silly idealTree:prePrune │ ├── os-tmpdir@1.0.2
58 silly idealTree:prePrune │ ├── osenv@0.1.5
58 silly idealTree:prePrune │ ├── p-defer@1.0.0
58 silly idealTree:prePrune │ ├── p-finally@1.0.0
58 silly idealTree:prePrune │ ├── p-is-promise@2.1.0
58 silly idealTree:prePrune │ ├── p-limit@1.3.0
58 silly idealTree:prePrune │ ├── p-locate@2.0.0
58 silly idealTree:prePrune │ ├── p-try@1.0.0
58 silly idealTree:prePrune │ ├── package-json@4.0.1
58 silly idealTree:prePrune │ ├── path-exists@3.0.0
58 silly idealTree:prePrune │ ├── path-is-absolute@1.0.1
58 silly idealTree:prePrune │ ├── path-is-inside@1.0.2
58 silly idealTree:prePrune │ ├── path-key@2.0.1
58 silly idealTree:prePrune │ ├── pify@3.0.0
58 silly idealTree:prePrune │ ├── prepend-http@1.0.4
58 silly idealTree:prePrune │ ├── pseudomap@1.0.2
58 silly idealTree:prePrune │ ├── pump@3.0.0
58 silly idealTree:prePrune │ ├── rc@1.2.8
58 silly idealTree:prePrune │ ├── registry-auth-token@3.4.0
58 silly idealTree:prePrune │ ├── registry-url@3.1.0
58 silly idealTree:prePrune │ ├── require-directory@2.1.1
58 silly idealTree:prePrune │ ├── require-main-filename@1.0.1
58 silly idealTree:prePrune │ ├── rimraf@2.7.1
58 silly idealTree:prePrune │ ├── safe-buffer@5.2.0
58 silly idealTree:prePrune │ ├── semver-diff@2.1.0
58 silly idealTree:prePrune │ ├── semver@5.7.1
58 silly idealTree:prePrune │ ├── set-blocking@2.0.0
58 silly idealTree:prePrune │ ├── shebang-command@1.2.0
58 silly idealTree:prePrune │ ├── shebang-regex@1.0.0
58 silly idealTree:prePrune │ ├── signal-exit@3.0.2
58 silly idealTree:prePrune │ ├── string-width@2.1.1
58 silly idealTree:prePrune │ ├── strip-ansi@4.0.0
58 silly idealTree:prePrune │ ├── strip-eof@1.0.0
58 silly idealTree:prePrune │ ├── strip-json-comments@2.0.1
58 silly idealTree:prePrune │ ├── supports-color@5.5.0
58 silly idealTree:prePrune │ ├── term-size@1.2.0
58 silly idealTree:prePrune │ ├── timed-out@4.0.1
58 silly idealTree:prePrune │ ├── unique-string@1.0.0
58 silly idealTree:prePrune │ ├── unzip-response@2.0.1
58 silly idealTree:prePrune │ ├── update-notifier@2.5.0
58 silly idealTree:prePrune │ ├── url-parse-lax@1.0.0
58 silly idealTree:prePrune │ ├── validate-npm-package-name@3.0.0
58 silly idealTree:prePrune │ ├── which-module@2.0.0
58 silly idealTree:prePrune │ ├── which@1.3.1
58 silly idealTree:prePrune │ ├── widest-line@2.0.1
58 silly idealTree:prePrune │ ├─┬ wrap-ansi@2.1.0
58 silly idealTree:prePrune │ │ ├── ansi-regex@2.1.1
58 silly idealTree:prePrune │ │ ├── is-fullwidth-code-point@1.0.0
58 silly idealTree:prePrune │ │ ├── string-width@1.0.2
58 silly idealTree:prePrune │ │ └── strip-ansi@3.0.1
58 silly idealTree:prePrune │ ├── wrappy@1.0.2
58 silly idealTree:prePrune │ ├── write-file-atomic@2.4.3
58 silly idealTree:prePrune │ ├── xdg-basedir@3.0.0
58 silly idealTree:prePrune │ ├── y18n@4.0.0
58 silly idealTree:prePrune │ ├── yallist@2.1.2
58 silly idealTree:prePrune │ ├── yargs-parser@9.0.2
58 silly idealTree:prePrune │ └─┬ yargs@11.1.1
58 silly idealTree:prePrune │   └── y18n@3.2.1
58 silly idealTree:prePrune ├── nvm@0.0.4
58 silly idealTree:prePrune ├── once@1.4.0
58 silly idealTree:prePrune ├── p-cancelable@1.1.0
58 silly idealTree:prePrune ├── package-json@6.5.0
58 silly idealTree:prePrune ├── prepend-http@2.0.0
58 silly idealTree:prePrune ├── pump@3.0.0
58 silly idealTree:prePrune ├── rc@1.2.8
58 silly idealTree:prePrune ├── registry-auth-token@4.1.1
58 silly idealTree:prePrune ├── registry-url@5.1.0
58 silly idealTree:prePrune ├── responselike@1.0.2
58 silly idealTree:prePrune ├── semver@6.3.0
58 silly idealTree:prePrune ├── strip-json-comments@2.0.1
58 silly idealTree:prePrune ├── to-readable-stream@1.0.0
58 silly idealTree:prePrune ├── url-parse-lax@3.0.0
58 silly idealTree:prePrune └── wrappy@1.0.2
59 silly loadIdealTree Finishing
60 silly currentTree tamanga_catalogue@
60 silly currentTree ├── @sindresorhus/is@0.14.0
60 silly currentTree ├── @szmarczak/http-timer@1.1.2
60 silly currentTree ├─┬ cacheable-request@6.1.0
60 silly currentTree │ ├── get-stream@5.1.0
60 silly currentTree │ └── lowercase-keys@2.0.0
60 silly currentTree ├── clone-response@1.0.2
60 silly currentTree ├── decompress-response@3.3.0
60 silly currentTree ├── deep-extend@0.6.0
60 silly currentTree ├── defer-to-connect@1.1.3
60 silly currentTree ├── duplexer3@0.1.4
60 silly currentTree ├── end-of-stream@1.4.4
60 silly currentTree ├── get-stream@4.1.0
60 silly currentTree ├── got@9.6.0
60 silly currentTree ├── http-cache-semantics@4.1.0
60 silly currentTree ├── ini@1.3.5
60 silly currentTree ├── json-buffer@3.0.0
60 silly currentTree ├── keyv@3.1.0
60 silly currentTree ├── latest-version@5.1.0
60 silly currentTree ├── lowercase-keys@1.0.1
60 silly currentTree ├── mimic-response@1.0.1
60 silly currentTree ├── minimist@1.2.5
60 silly currentTree ├── normalize-url@4.5.0
60 silly currentTree ├─┬ npx@10.2.2
60 silly currentTree │ ├── ansi-align@2.0.0
60 silly currentTree │ ├── ansi-regex@3.0.0
60 silly currentTree │ ├── ansi-styles@3.2.1
60 silly currentTree │ ├── balanced-match@1.0.0
60 silly currentTree │ ├── boxen@1.3.0
60 silly currentTree │ ├── brace-expansion@1.1.11
60 silly currentTree │ ├── builtins@1.0.3
60 silly currentTree │ ├── camelcase@4.1.0
60 silly currentTree │ ├── capture-stack-trace@1.0.1
60 silly currentTree │ ├── chalk@2.4.2
60 silly currentTree │ ├── ci-info@1.6.0
60 silly currentTree │ ├── cli-boxes@1.0.0
60 silly currentTree │ ├── cliui@4.1.0
60 silly currentTree │ ├── code-point-at@1.1.0
60 silly currentTree │ ├── color-convert@1.9.3
60 silly currentTree │ ├── color-name@1.1.3
60 silly currentTree │ ├── concat-map@0.0.1
60 silly currentTree │ ├── configstore@3.1.2
60 silly currentTree │ ├── create-error-class@3.0.2
60 silly currentTree │ ├── cross-spawn@5.1.0
60 silly currentTree │ ├── crypto-random-string@1.0.0
60 silly currentTree │ ├── decamelize@1.2.0
60 silly currentTree │ ├── deep-extend@0.6.0
60 silly currentTree │ ├── dot-prop@4.2.0
60 silly currentTree │ ├── dotenv@5.0.1
60 silly currentTree │ ├── duplexer3@0.1.4
60 silly currentTree │ ├── end-of-stream@1.4.4
60 silly currentTree │ ├── escape-string-regexp@1.0.5
60 silly currentTree │ ├── execa@0.7.0
60 silly currentTree │ ├── find-up@2.1.0
60 silly currentTree │ ├── fs.realpath@1.0.0
60 silly currentTree │ ├── get-caller-file@1.0.3
60 silly currentTree │ ├── get-stream@3.0.0
60 silly currentTree │ ├── glob@7.1.6
60 silly currentTree │ ├── global-dirs@0.1.1
60 silly currentTree │ ├── got@6.7.1
60 silly currentTree │ ├── graceful-fs@4.2.3
60 silly currentTree │ ├── has-flag@3.0.0
60 silly currentTree │ ├── hosted-git-info@2.8.5
60 silly currentTree │ ├── import-lazy@2.1.0
60 silly currentTree │ ├── imurmurhash@0.1.4
60 silly currentTree │ ├── inflight@1.0.6
60 silly currentTree │ ├── inherits@2.0.4
60 silly currentTree │ ├── ini@1.3.5
60 silly currentTree │ ├── invert-kv@2.0.0
60 silly currentTree │ ├── is-ci@1.2.1
60 silly currentTree │ ├── is-fullwidth-code-point@2.0.0
60 silly currentTree │ ├── is-installed-globally@0.1.0
60 silly currentTree │ ├── is-npm@1.0.0
60 silly currentTree │ ├── is-obj@1.0.1
60 silly currentTree │ ├── is-path-inside@1.0.1
60 silly currentTree │ ├── is-redirect@1.0.0
60 silly currentTree │ ├── is-retry-allowed@1.2.0
60 silly currentTree │ ├── is-stream@1.1.0
60 silly currentTree │ ├── isexe@2.0.0
60 silly currentTree │ ├── latest-version@3.1.0
60 silly currentTree │ ├── lcid@2.0.0
60 silly currentTree │ ├── libnpx@10.2.2
60 silly currentTree │ ├── locate-path@2.0.0
60 silly currentTree │ ├── lowercase-keys@1.0.1
60 silly currentTree │ ├── lru-cache@4.1.5
60 silly currentTree │ ├── make-dir@1.3.0
60 silly currentTree │ ├── map-age-cleaner@0.1.3
60 silly currentTree │ ├── mem@4.3.0
60 silly currentTree │ ├── mimic-fn@2.1.0
60 silly currentTree │ ├── minimatch@3.0.4
60 silly currentTree │ ├── minimist@1.2.0
60 silly currentTree │ ├── nice-try@1.0.5
60 silly currentTree │ ├── npm-package-arg@6.1.1
60 silly currentTree │ ├── npm-run-path@2.0.2
60 silly currentTree │ ├─┬ npm@5.1.0
60 silly currentTree │ │ ├── abbrev@1.1.0
60 silly currentTree │ │ ├── ansi-regex@3.0.0
60 silly currentTree │ │ ├── ansicolors@0.3.2
60 silly currentTree │ │ ├── ansistyles@0.1.3
60 silly currentTree │ │ ├── aproba@1.1.2
60 silly currentTree │ │ ├── archy@1.0.0
60 silly currentTree │ │ ├── bluebird@3.5.0
60 silly currentTree │ │ ├─┬ cacache@9.2.9
60 silly currentTree │ │ │ ├─┬ lru-cache@4.1.1
60 silly currentTree │ │ │ │ ├── pseudomap@1.0.2
60 silly currentTree │ │ │ │ └── yallist@2.1.2
60 silly currentTree │ │ │ └── y18n@3.2.1
60 silly currentTree │ │ ├── call-limit@1.1.0
60 silly currentTree │ │ ├── chownr@1.0.1
60 silly currentTree │ │ ├── cmd-shim@2.0.2
60 silly currentTree │ │ ├─┬ columnify@1.5.4
60 silly currentTree │ │ │ ├─┬ strip-ansi@3.0.1
60 silly currentTree │ │ │ │ └── ansi-regex@2.1.1
60 silly currentTree │ │ │ └─┬ wcwidth@1.0.1
60 silly currentTree │ │ │   └─┬ defaults@1.0.3
60 silly currentTree │ │ │     └── clone@1.0.2
60 silly currentTree │ │ ├─┬ config-chain@1.1.11
60 silly currentTree │ │ │ └── proto-list@1.2.4
60 silly currentTree │ │ ├── debuglog@1.0.1
60 silly currentTree │ │ ├── detect-indent@5.0.0
60 silly currentTree │ │ ├─┬ dezalgo@1.0.3
60 silly currentTree │ │ │ └── asap@2.0.5
60 silly currentTree │ │ ├── editor@1.0.0
60 silly currentTree │ │ ├── fs-vacuum@1.2.10
60 silly currentTree │ │ ├── fs-write-stream-atomic@1.0.10
60 silly currentTree │ │ ├─┬ fstream-npm@1.2.1
60 silly currentTree │ │ │ └─┬ fstream-ignore@1.0.5
60 silly currentTree │ │ │   └─┬ minimatch@3.0.4
60 silly currentTree │ │ │     └─┬ brace-expansion@1.1.8
60 silly currentTree │ │ │       ├── balanced-match@1.0.0
60 silly currentTree │ │ │       └── concat-map@0.0.1
60 silly currentTree │ │ ├── fstream@1.0.11
60 silly currentTree │ │ ├─┬ glob@7.1.2
60 silly currentTree │ │ │ ├── fs.realpath@1.0.0
60 silly currentTree │ │ │ ├─┬ minimatch@3.0.4
60 silly currentTree │ │ │ │ └─┬ brace-expansion@1.1.8
60 silly currentTree │ │ │ │   ├── balanced-match@1.0.0
60 silly currentTree │ │ │ │   └── concat-map@0.0.1
60 silly currentTree │ │ │ └── path-is-absolute@1.0.1
60 silly currentTree │ │ ├── graceful-fs@4.1.11
60 silly currentTree │ │ ├── has-unicode@2.0.1
60 silly currentTree │ │ ├── hosted-git-info@2.5.0
60 silly currentTree │ │ ├── iferr@0.1.5
60 silly currentTree │ │ ├── imurmurhash@0.1.4
60 silly currentTree │ │ ├── inflight@1.0.6
60 silly currentTree │ │ ├── inherits@2.0.3
60 silly currentTree │ │ ├── ini@1.3.4
60 silly currentTree │ │ ├─┬ init-package-json@1.10.1
60 silly currentTree │ │ │ └── promzard@0.3.0
60 silly currentTree │ │ ├─┬ JSONStream@1.3.1
60 silly currentTree │ │ │ ├── jsonparse@1.3.1
60 silly currentTree │ │ │ └── through@2.3.8
60 silly currentTree │ │ ├── lazy-property@1.0.0
60 silly currentTree │ │ ├── lockfile@1.0.3
60 silly currentTree │ │ ├── lodash._baseindexof@3.1.0
60 silly currentTree │ │ ├─┬ lodash._baseuniq@4.6.0
60 silly currentTree │ │ │ ├── lodash._createset@4.0.3
60 silly currentTree │ │ │ └── lodash._root@3.0.1
60 silly currentTree │ │ ├── lodash._bindcallback@3.0.1
60 silly currentTree │ │ ├── lodash._cacheindexof@3.0.2
60 silly currentTree │ │ ├── lodash._createcache@3.1.2
60 silly currentTree │ │ ├── lodash._getnative@3.9.1
60 silly currentTree │ │ ├── lodash.clonedeep@4.5.0
60 silly currentTree │ │ ├── lodash.restparam@3.6.1
60 silly currentTree │ │ ├── lodash.union@4.6.0
60 silly currentTree │ │ ├── lodash.uniq@4.5.0
60 silly currentTree │ │ ├── lodash.without@4.4.0
60 silly currentTree │ │ ├─┬ lru-cache@4.1.1
60 silly currentTree │ │ │ ├── pseudomap@1.0.2
60 silly currentTree │ │ │ └── yallist@2.1.2
60 silly currentTree │ │ ├─┬ mississippi@1.3.0
60 silly currentTree │ │ │ ├─┬ concat-stream@1.6.0
60 silly currentTree │ │ │ │ └── typedarray@0.0.6
60 silly currentTree │ │ │ ├─┬ duplexify@3.5.0
60 silly currentTree │ │ │ │ ├─┬ end-of-stream@1.0.0
60 silly currentTree │ │ │ │ │ └── once@1.3.3
60 silly currentTree │ │ │ │ └── stream-shift@1.0.0
60 silly currentTree │ │ │ ├── end-of-stream@1.4.0
60 silly currentTree │ │ │ ├── flush-write-stream@1.0.2
60 silly currentTree │ │ │ ├── from2@2.3.0
60 silly currentTree │ │ │ ├─┬ parallel-transform@1.1.0
60 silly currentTree │ │ │ │ └── cyclist@0.2.2
60 silly currentTree │ │ │ ├── pump@1.0.2
60 silly currentTree │ │ │ ├── pumpify@1.3.5
60 silly currentTree │ │ │ ├─┬ stream-each@1.2.0
60 silly currentTree │ │ │ │ └── stream-shift@1.0.0
60 silly currentTree │ │ │ └─┬ through2@2.0.3
60 silly currentTree │ │ │   └── xtend@4.0.1
60 silly currentTree │ │ ├─┬ mkdirp@0.5.1
60 silly currentTree │ │ │ └── minimist@0.0.8
60 silly currentTree │ │ ├─┬ move-concurrently@1.0.1
60 silly currentTree │ │ │ ├── copy-concurrently@1.0.3
60 silly currentTree │ │ │ └── run-queue@1.0.3
60 silly currentTree │ │ ├─┬ node-gyp@3.6.2
60 silly currentTree │ │ │ ├─┬ minimatch@3.0.4
60 silly currentTree │ │ │ │ └─┬ brace-expansion@1.1.8
60 silly currentTree │ │ │ │   ├── balanced-match@1.0.0
60 silly currentTree │ │ │ │   └── concat-map@0.0.1
60 silly currentTree │ │ │ └── nopt@3.0.6
60 silly currentTree │ │ ├── nopt@4.0.1
60 silly currentTree │ │ ├─┬ normalize-package-data@2.4.0
60 silly currentTree │ │ │ └─┬ is-builtin-module@1.0.0
60 silly currentTree │ │ │   └── builtin-modules@1.1.1
60 silly currentTree │ │ ├── npm-cache-filename@1.0.2
60 silly currentTree │ │ ├── npm-install-checks@3.0.0
60 silly currentTree │ │ ├── npm-package-arg@5.1.2
60 silly currentTree │ │ ├─┬ npm-registry-client@8.4.0
60 silly currentTree │ │ │ └─┬ concat-stream@1.6.0
60 silly currentTree │ │ │   └── typedarray@0.0.6
60 silly currentTree │ │ ├── npm-user-validate@1.0.0
60 silly currentTree │ │ ├─┬ npmlog@4.1.2
60 silly currentTree │ │ │ ├─┬ are-we-there-yet@1.1.4
60 silly currentTree │ │ │ │ └── delegates@1.0.0
60 silly currentTree │ │ │ ├── console-control-strings@1.1.0
60 silly currentTree │ │ │ ├─┬ gauge@2.7.4
60 silly currentTree │ │ │ │ ├── object-assign@4.1.1
60 silly currentTree │ │ │ │ ├── signal-exit@3.0.2
60 silly currentTree │ │ │ │ ├─┬ string-width@1.0.2
60 silly currentTree │ │ │ │ │ ├── code-point-at@1.1.0
60 silly currentTree │ │ │ │ │ └─┬ is-fullwidth-code-point@1.0.0
60 silly currentTree │ │ │ │ │   └── number-is-nan@1.0.1
60 silly currentTree │ │ │ │ ├─┬ strip-ansi@3.0.1
60 silly currentTree │ │ │ │ │ └── ansi-regex@2.1.1
60 silly currentTree │ │ │ │ └── wide-align@1.1.2
60 silly currentTree │ │ │ └── set-blocking@2.0.0
60 silly currentTree │ │ ├── once@1.4.0
60 silly currentTree │ │ ├── opener@1.4.3
60 silly currentTree │ │ ├─┬ osenv@0.1.4
60 silly currentTree │ │ │ ├── os-homedir@1.0.2
60 silly currentTree │ │ │ └── os-tmpdir@1.0.2
60 silly currentTree │ │ ├─┬ pacote@2.7.38
60 silly currentTree │ │ │ ├─┬ make-fetch-happen@2.4.13
60 silly currentTree │ │ │ │ ├─┬ agentkeepalive@3.3.0
60 silly currentTree │ │ │ │ │ └─┬ humanize-ms@1.2.1
60 silly currentTree │ │ │ │ │   └── ms@2.0.0
60 silly currentTree │ │ │ │ ├── http-cache-semantics@3.7.3
60 silly currentTree │ │ │ │ ├─┬ http-proxy-agent@2.0.0
60 silly currentTree │ │ │ │ │ ├─┬ agent-base@4.1.0
60 silly currentTree │ │ │ │ │ │ └─┬ es6-promisify@5.0.0
60 silly currentTree │ │ │ │ │ │   └── es6-promise@4.1.1
60 silly currentTree │ │ │ │ │ └─┬ debug@2.6.8
60 silly currentTree │ │ │ │ │   └── ms@2.0.0
60 silly currentTree │ │ │ │ ├─┬ https-proxy-agent@2.0.0
60 silly currentTree │ │ │ │ │ ├─┬ agent-base@4.1.0
60 silly currentTree │ │ │ │ │ │ └─┬ es6-promisify@5.0.0
60 silly currentTree │ │ │ │ │ │   └── es6-promise@4.1.1
60 silly currentTree │ │ │ │ │ └─┬ debug@2.6.8
60 silly currentTree │ │ │ │ │   └── ms@2.0.0
60 silly currentTree │ │ │ │ ├─┬ node-fetch-npm@2.0.1
60 silly currentTree │ │ │ │ │ ├─┬ encoding@0.1.12
60 silly currentTree │ │ │ │ │ │ └── iconv-lite@0.4.18
60 silly currentTree │ │ │ │ │ └─┬ json-parse-helpfulerror@1.0.3
60 silly currentTree │ │ │ │ │   └── jju@1.3.0
60 silly currentTree │ │ │ │ └─┬ socks-proxy-agent@3.0.0
60 silly currentTree │ │ │ │   ├─┬ agent-base@4.1.0
60 silly currentTree │ │ │ │   │ └─┬ es6-promisify@5.0.0
60 silly currentTree │ │ │ │   │   └── es6-promise@4.1.1
60 silly currentTree │ │ │ │   └─┬ socks@1.1.10
60 silly currentTree │ │ │ │     ├── ip@1.1.5
60 silly currentTree │ │ │ │     └── smart-buffer@1.1.15
60 silly currentTree │ │ │ ├─┬ minimatch@3.0.4
60 silly currentTree │ │ │ │ └─┬ brace-expansion@1.1.8
60 silly currentTree │ │ │ │   ├── balanced-match@1.0.0
60 silly currentTree │ │ │ │   └── concat-map@0.0.1
60 silly currentTree │ │ │ ├── npm-pick-manifest@1.0.4
60 silly currentTree │ │ │ ├─┬ promise-retry@1.1.1
60 silly currentTree │ │ │ │ └── err-code@1.1.2
60 silly currentTree │ │ │ ├─┬ protoduck@4.0.0
60 silly currentTree │ │ │ │ └── genfun@4.0.1
60 silly currentTree │ │ │ ├─┬ tar-fs@1.15.3
60 silly currentTree │ │ │ │ └─┬ pump@1.0.2
60 silly currentTree │ │ │ │   └── end-of-stream@1.4.0
60 silly currentTree │ │ │ └─┬ tar-stream@1.5.4
60 silly currentTree │ │ │   ├── bl@1.2.1
60 silly currentTree │ │ │   ├── end-of-stream@1.4.0
60 silly currentTree │ │ │   └── xtend@4.0.1
60 silly currentTree │ │ ├── path-is-inside@1.0.2
60 silly currentTree │ │ ├── promise-inflight@1.0.1
60 silly currentTree │ │ ├── read-cmd-shim@1.0.1
60 silly currentTree │ │ ├─┬ read-installed@4.0.3
60 silly currentTree │ │ │ └── util-extend@1.0.3
60 silly currentTree │ │ ├─┬ read-package-json@2.0.9
60 silly currentTree │ │ │ └─┬ json-parse-helpfulerror@1.0.3
60 silly currentTree │ │ │   └── jju@1.3.0
60 silly currentTree │ │ ├── read-package-tree@5.1.6
60 silly currentTree │ │ ├─┬ read@1.0.7
60 silly currentTree │ │ │ └── mute-stream@0.0.7
60 silly currentTree │ │ ├─┬ readable-stream@2.3.2
60 silly currentTree │ │ │ ├── core-util-is@1.0.2
60 silly currentTree │ │ │ ├── isarray@1.0.0
60 silly currentTree │ │ │ ├── process-nextick-args@1.0.7
60 silly currentTree │ │ │ ├── string_decoder@1.0.3
60 silly currentTree │ │ │ └── util-deprecate@1.0.2
60 silly currentTree │ │ ├── readdir-scoped-modules@1.0.2
60 silly currentTree │ │ ├─┬ request@2.81.0
60 silly currentTree │ │ │ ├── aws-sign2@0.6.0
60 silly currentTree │ │ │ ├── aws4@1.6.0
60 silly currentTree │ │ │ ├── caseless@0.12.0
60 silly currentTree │ │ │ ├─┬ combined-stream@1.0.5
60 silly currentTree │ │ │ │ └── delayed-stream@1.0.0
60 silly currentTree │ │ │ ├── extend@3.0.1
60 silly currentTree │ │ │ ├── forever-agent@0.6.1
60 silly currentTree │ │ │ ├─┬ form-data@2.1.4
60 silly currentTree │ │ │ │ └── asynckit@0.4.0
60 silly currentTree │ │ │ ├─┬ har-validator@4.2.1
60 silly currentTree │ │ │ │ ├─┬ ajv@4.11.8
60 silly currentTree │ │ │ │ │ ├── co@4.6.0
60 silly currentTree │ │ │ │ │ └─┬ json-stable-stringify@1.0.1
60 silly currentTree │ │ │ │ │   └── jsonify@0.0.0
60 silly currentTree │ │ │ │ └── har-schema@1.0.5
60 silly currentTree │ │ │ ├─┬ hawk@3.1.3
60 silly currentTree │ │ │ │ ├── boom@2.10.1
60 silly currentTree │ │ │ │ ├── cryptiles@2.0.5
60 silly currentTree │ │ │ │ ├── hoek@2.16.3
60 silly currentTree │ │ │ │ └── sntp@1.0.9
60 silly currentTree │ │ │ ├─┬ http-signature@1.1.1
60 silly currentTree │ │ │ │ ├── assert-plus@0.2.0
60 silly currentTree │ │ │ │ ├─┬ jsprim@1.4.0
60 silly currentTree │ │ │ │ │ ├── assert-plus@1.0.0
60 silly currentTree │ │ │ │ │ ├── extsprintf@1.0.2
60 silly currentTree │ │ │ │ │ ├── json-schema@0.2.3
60 silly currentTree │ │ │ │ │ └── verror@1.3.6
60 silly currentTree │ │ │ │ └─┬ sshpk@1.13.1
60 silly currentTree │ │ │ │   ├── asn1@0.2.3
60 silly currentTree │ │ │ │   ├── assert-plus@1.0.0
60 silly currentTree │ │ │ │   ├── bcrypt-pbkdf@1.0.1
60 silly currentTree │ │ │ │   ├── dashdash@1.14.1
60 silly currentTree │ │ │ │   ├── ecc-jsbn@0.1.1
60 silly currentTree │ │ │ │   ├── getpass@0.1.7
60 silly currentTree │ │ │ │   ├── jsbn@0.1.1
60 silly currentTree │ │ │ │   └── tweetnacl@0.14.5
60 silly currentTree │ │ │ ├── is-typedarray@1.0.0
60 silly currentTree │ │ │ ├── isstream@0.1.2
60 silly currentTree │ │ │ ├── json-stringify-safe@5.0.1
60 silly currentTree │ │ │ ├─┬ mime-types@2.1.15
60 silly currentTree │ │ │ │ └── mime-db@1.27.0
60 silly currentTree │ │ │ ├── oauth-sign@0.8.2
60 silly currentTree │ │ │ ├── performance-now@0.2.0
60 silly currentTree │ │ │ ├── qs@6.4.0
60 silly currentTree │ │ │ ├── stringstream@0.0.5
60 silly currentTree │ │ │ ├─┬ tough-cookie@2.3.2
60 silly currentTree │ │ │ │ └── punycode@1.4.1
60 silly currentTree │ │ │ └── tunnel-agent@0.6.0
60 silly currentTree │ │ ├── retry@0.10.1
60 silly currentTree │ │ ├── rimraf@2.6.1
60 silly currentTree │ │ ├── safe-buffer@5.1.1
60 silly currentTree │ │ ├── semver@5.3.0
60 silly currentTree │ │ ├── sha@2.0.1
60 silly currentTree │ │ ├── slide@1.1.6
60 silly currentTree │ │ ├── sorted-object@2.0.1
60 silly currentTree │ │ ├─┬ sorted-union-stream@2.1.3
60 silly currentTree │ │ │ ├─┬ from2@1.3.0
60 silly currentTree │ │ │ │ └─┬ readable-stream@1.1.14
60 silly currentTree │ │ │ │   ├── core-util-is@1.0.2
60 silly currentTree │ │ │ │   ├── isarray@0.0.1
60 silly currentTree │ │ │ │   └── string_decoder@0.10.31
60 silly currentTree │ │ │ └─┬ stream-iterate@1.2.0
60 silly currentTree │ │ │   └── stream-shift@1.0.0
60 silly currentTree │ │ ├── ssri@4.1.6
60 silly currentTree │ │ ├─┬ strip-ansi@4.0.0
60 silly currentTree │ │ │ └── ansi-regex@3.0.0
60 silly currentTree │ │ ├─┬ tar@2.2.1
60 silly currentTree │ │ │ └── block-stream@0.0.9
60 silly currentTree │ │ ├── text-table@0.2.0
60 silly currentTree │ │ ├── uid-number@0.0.6
60 silly currentTree │ │ ├── umask@1.1.0
60 silly currentTree │ │ ├─┬ unique-filename@1.1.0
60 silly currentTree │ │ │ └── unique-slug@2.0.0
60 silly currentTree │ │ ├── unpipe@1.0.0
60 silly currentTree │ │ ├─┬ update-notifier@2.2.0
60 silly currentTree │ │ │ ├─┬ boxen@1.1.0
60 silly currentTree │ │ │ │ ├── ansi-align@2.0.0
60 silly currentTree │ │ │ │ ├── camelcase@4.1.0
60 silly currentTree │ │ │ │ ├── cli-boxes@1.0.0
60 silly currentTree │ │ │ │ ├─┬ string-width@2.1.0
60 silly currentTree │ │ │ │ │ ├── is-fullwidth-code-point@2.0.0
60 silly currentTree │ │ │ │ │ └── strip-ansi@4.0.0
60 silly currentTree │ │ │ │ ├─┬ term-size@0.1.1
60 silly currentTree │ │ │ │ │ └─┬ execa@0.4.0
60 silly currentTree │ │ │ │ │   ├── cross-spawn-async@2.2.5
60 silly currentTree │ │ │ │ │   ├── is-stream@1.1.0
60 silly currentTree │ │ │ │ │   ├── npm-run-path@1.0.0
60 silly currentTree │ │ │ │ │   ├── object-assign@4.1.1
60 silly currentTree │ │ │ │ │   ├── path-key@1.0.0
60 silly currentTree │ │ │ │ │   └── strip-eof@1.0.0
60 silly currentTree │ │ │ │ └─┬ widest-line@1.0.0
60 silly currentTree │ │ │ │   └─┬ string-width@1.0.2
60 silly currentTree │ │ │ │     ├── code-point-at@1.1.0
60 silly currentTree │ │ │ │     ├─┬ is-fullwidth-code-point@1.0.0
60 silly currentTree │ │ │ │     │ └── number-is-nan@1.0.1
60 silly currentTree │ │ │ │     └─┬ strip-ansi@3.0.1
60 silly currentTree │ │ │ │       └── ansi-regex@2.1.1
60 silly currentTree │ │ │ ├─┬ chalk@1.1.3
60 silly currentTree │ │ │ │ ├── ansi-styles@2.2.1
60 silly currentTree │ │ │ │ ├── escape-string-regexp@1.0.5
60 silly currentTree │ │ │ │ ├─┬ has-ansi@2.0.0
60 silly currentTree │ │ │ │ │ └── ansi-regex@2.1.1
60 silly currentTree │ │ │ │ ├─┬ strip-ansi@3.0.1
60 silly currentTree │ │ │ │ │ └── ansi-regex@2.1.1
60 silly currentTree │ │ │ │ └── supports-color@2.0.0
60 silly currentTree │ │ │ ├─┬ configstore@3.1.0
60 silly currentTree │ │ │ │ ├─┬ dot-prop@4.1.1
60 silly currentTree │ │ │ │ │ └── is-obj@1.0.1
60 silly currentTree │ │ │ │ ├─┬ make-dir@1.0.0
60 silly currentTree │ │ │ │ │ └── pify@2.3.0
60 silly currentTree │ │ │ │ └─┬ unique-string@1.0.0
60 silly currentTree │ │ │ │   └── crypto-random-string@1.0.0
60 silly currentTree │ │ │ ├── import-lazy@2.1.0
60 silly currentTree │ │ │ ├── is-npm@1.0.0
60 silly currentTree │ │ │ ├─┬ latest-version@3.1.0
60 silly currentTree │ │ │ │ └─┬ package-json@4.0.1
60 silly currentTree │ │ │ │   ├─┬ got@6.7.1
60 silly currentTree │ │ │ │   │ ├─┬ create-error-class@3.0.2
60 silly currentTree │ │ │ │   │ │ └── capture-stack-trace@1.0.0
60 silly currentTree │ │ │ │   │ ├── duplexer3@0.1.4
60 silly currentTree │ │ │ │   │ ├── get-stream@3.0.0
60 silly currentTree │ │ │ │   │ ├── is-redirect@1.0.0
60 silly currentTree │ │ │ │   │ ├── is-retry-allowed@1.1.0
60 silly currentTree │ │ │ │   │ ├── is-stream@1.1.0
60 silly currentTree │ │ │ │   │ ├── lowercase-keys@1.0.0
60 silly currentTree │ │ │ │   │ ├── timed-out@4.0.1
60 silly currentTree │ │ │ │   │ ├── unzip-response@2.0.1
60 silly currentTree │ │ │ │   │ └─┬ url-parse-lax@1.0.0
60 silly currentTree │ │ │ │   │   └── prepend-http@1.0.4
60 silly currentTree │ │ │ │   ├─┬ registry-auth-token@3.3.1
60 silly currentTree │ │ │ │   │ └─┬ rc@1.2.1
60 silly currentTree │ │ │ │   │   ├── deep-extend@0.4.2
60 silly currentTree │ │ │ │   │   ├── minimist@1.2.0
60 silly currentTree │ │ │ │   │   └── strip-json-comments@2.0.1
60 silly currentTree │ │ │ │   └─┬ registry-url@3.1.0
60 silly currentTree │ │ │ │     └─┬ rc@1.2.1
60 silly currentTree │ │ │ │       ├── deep-extend@0.4.2
60 silly currentTree │ │ │ │       ├── minimist@1.2.0
60 silly currentTree │ │ │ │       └── strip-json-comments@2.0.1
60 silly currentTree │ │ │ ├── semver-diff@2.1.0
60 silly currentTree │ │ │ └── xdg-basedir@3.0.0
60 silly currentTree │ │ ├── uuid@3.1.0
60 silly currentTree │ │ ├─┬ validate-npm-package-license@3.0.1
60 silly currentTree │ │ │ ├─┬ spdx-correct@1.0.2
60 silly currentTree │ │ │ │ └── spdx-license-ids@1.2.2
60 silly currentTree │ │ │ └── spdx-expression-parse@1.0.4
60 silly currentTree │ │ ├─┬ validate-npm-package-name@3.0.0
60 silly currentTree │ │ │ └── builtins@1.0.3
60 silly currentTree │ │ ├─┬ which@1.2.14
60 silly currentTree │ │ │ └── isexe@2.0.0
60 silly currentTree │ │ ├─┬ worker-farm@1.3.1
60 silly currentTree │ │ │ ├─┬ errno@0.1.4
60 silly currentTree │ │ │ │ └── prr@0.0.0
60 silly currentTree │ │ │ └── xtend@4.0.1
60 silly currentTree │ │ ├── wrappy@1.0.2
60 silly currentTree │ │ └── write-file-atomic@2.1.0
60 silly currentTree │ ├── number-is-nan@1.0.1
60 silly currentTree │ ├── once@1.4.0
60 silly currentTree │ ├── os-homedir@1.0.2
60 silly currentTree │ ├─┬ os-locale@3.1.0
60 silly currentTree │ │ ├── cross-spawn@6.0.5
60 silly currentTree │ │ ├── execa@1.0.0
60 silly currentTree │ │ └── get-stream@4.1.0
60 silly currentTree │ ├── os-tmpdir@1.0.2
60 silly currentTree │ ├── osenv@0.1.5
60 silly currentTree │ ├── p-defer@1.0.0
60 silly currentTree │ ├── p-finally@1.0.0
60 silly currentTree │ ├── p-is-promise@2.1.0
60 silly currentTree │ ├── p-limit@1.3.0
60 silly currentTree │ ├── p-locate@2.0.0
60 silly currentTree │ ├── p-try@1.0.0
60 silly currentTree │ ├── package-json@4.0.1
60 silly currentTree │ ├── path-exists@3.0.0
60 silly currentTree │ ├── path-is-absolute@1.0.1
60 silly currentTree │ ├── path-is-inside@1.0.2
60 silly currentTree │ ├── path-key@2.0.1
60 silly currentTree │ ├── pify@3.0.0
60 silly currentTree │ ├── prepend-http@1.0.4
60 silly currentTree │ ├── pseudomap@1.0.2
60 silly currentTree │ ├── pump@3.0.0
60 silly currentTree │ ├── rc@1.2.8
60 silly currentTree │ ├── registry-auth-token@3.4.0
60 silly currentTree │ ├── registry-url@3.1.0
60 silly currentTree │ ├── require-directory@2.1.1
60 silly currentTree │ ├── require-main-filename@1.0.1
60 silly currentTree │ ├── rimraf@2.7.1
60 silly currentTree │ ├── safe-buffer@5.2.0
60 silly currentTree │ ├── semver-diff@2.1.0
60 silly currentTree │ ├── semver@5.7.1
60 silly currentTree │ ├── set-blocking@2.0.0
60 silly currentTree │ ├── shebang-command@1.2.0
60 silly currentTree │ ├── shebang-regex@1.0.0
60 silly currentTree │ ├── signal-exit@3.0.2
60 silly currentTree │ ├── string-width@2.1.1
60 silly currentTree │ ├── strip-ansi@4.0.0
60 silly currentTree │ ├── strip-eof@1.0.0
60 silly currentTree │ ├── strip-json-comments@2.0.1
60 silly currentTree │ ├── supports-color@5.5.0
60 silly currentTree │ ├── term-size@1.2.0
60 silly currentTree │ ├── timed-out@4.0.1
60 silly currentTree │ ├── unique-string@1.0.0
60 silly currentTree │ ├── unzip-response@2.0.1
60 silly currentTree │ ├── update-notifier@2.5.0
60 silly currentTree │ ├── url-parse-lax@1.0.0
60 silly currentTree │ ├── validate-npm-package-name@3.0.0
60 silly currentTree │ ├── which-module@2.0.0
60 silly currentTree │ ├── which@1.3.1
60 silly currentTree │ ├── widest-line@2.0.1
60 silly currentTree │ ├─┬ wrap-ansi@2.1.0
60 silly currentTree │ │ ├── ansi-regex@2.1.1
60 silly currentTree │ │ ├── is-fullwidth-code-point@1.0.0
60 silly currentTree │ │ ├── string-width@1.0.2
60 silly currentTree │ │ └── strip-ansi@3.0.1
60 silly currentTree │ ├── wrappy@1.0.2
60 silly currentTree │ ├── write-file-atomic@2.4.3
60 silly currentTree │ ├── xdg-basedir@3.0.0
60 silly currentTree │ ├── y18n@4.0.0
60 silly currentTree │ ├── yallist@2.1.2
60 silly currentTree │ ├── yargs-parser@9.0.2
60 silly currentTree │ └─┬ yargs@11.1.1
60 silly currentTree │   └── y18n@3.2.1
60 silly currentTree ├── once@1.4.0
60 silly currentTree ├── p-cancelable@1.1.0
60 silly currentTree ├── package-json@6.5.0
60 silly currentTree ├── prepend-http@2.0.0
60 silly currentTree ├── pump@3.0.0
60 silly currentTree ├── rc@1.2.8
60 silly currentTree ├── registry-auth-token@4.1.1
60 silly currentTree ├── registry-url@5.1.0
60 silly currentTree ├── responselike@1.0.2
60 silly currentTree ├── semver@6.3.0
60 silly currentTree ├── strip-json-comments@2.0.1
60 silly currentTree ├── to-readable-stream@1.0.0
60 silly currentTree ├── url-parse-lax@3.0.0
60 silly currentTree └── wrappy@1.0.2
61 silly idealTree tamanga_catalogue@
61 silly idealTree ├── @sindresorhus/is@0.14.0
61 silly idealTree ├── @szmarczak/http-timer@1.1.2
61 silly idealTree ├─┬ cacheable-request@6.1.0
61 silly idealTree │ ├── get-stream@5.1.0
61 silly idealTree │ └── lowercase-keys@2.0.0
61 silly idealTree ├── clone-response@1.0.2
61 silly idealTree ├── decompress-response@3.3.0
61 silly idealTree ├── deep-extend@0.6.0
61 silly idealTree ├── defer-to-connect@1.1.3
61 silly idealTree ├── duplexer3@0.1.4
61 silly idealTree ├── end-of-stream@1.4.4
61 silly idealTree ├── get-stream@4.1.0
61 silly idealTree ├── got@9.6.0
61 silly idealTree ├── http-cache-semantics@4.1.0
61 silly idealTree ├── ini@1.3.5
61 silly idealTree ├── json-buffer@3.0.0
61 silly idealTree ├── keyv@3.1.0
61 silly idealTree ├── latest-version@5.1.0
61 silly idealTree ├── lowercase-keys@1.0.1
61 silly idealTree ├── mimic-response@1.0.1
61 silly idealTree ├── minimist@1.2.5
61 silly idealTree ├── normalize-url@4.5.0
61 silly idealTree ├─┬ npx@10.2.2
61 silly idealTree │ ├── ansi-align@2.0.0
61 silly idealTree │ ├── ansi-regex@3.0.0
61 silly idealTree │ ├── ansi-styles@3.2.1
61 silly idealTree │ ├── balanced-match@1.0.0
61 silly idealTree │ ├── boxen@1.3.0
61 silly idealTree │ ├── brace-expansion@1.1.11
61 silly idealTree │ ├── builtins@1.0.3
61 silly idealTree │ ├── camelcase@4.1.0
61 silly idealTree │ ├── capture-stack-trace@1.0.1
61 silly idealTree │ ├── chalk@2.4.2
61 silly idealTree │ ├── ci-info@1.6.0
61 silly idealTree │ ├── cli-boxes@1.0.0
61 silly idealTree │ ├── cliui@4.1.0
61 silly idealTree │ ├── code-point-at@1.1.0
61 silly idealTree │ ├── color-convert@1.9.3
61 silly idealTree │ ├── color-name@1.1.3
61 silly idealTree │ ├── concat-map@0.0.1
61 silly idealTree │ ├── configstore@3.1.2
61 silly idealTree │ ├── create-error-class@3.0.2
61 silly idealTree │ ├── cross-spawn@5.1.0
61 silly idealTree │ ├── crypto-random-string@1.0.0
61 silly idealTree │ ├── decamelize@1.2.0
61 silly idealTree │ ├── deep-extend@0.6.0
61 silly idealTree │ ├── dot-prop@4.2.0
61 silly idealTree │ ├── dotenv@5.0.1
61 silly idealTree │ ├── duplexer3@0.1.4
61 silly idealTree │ ├── end-of-stream@1.4.4
61 silly idealTree │ ├── escape-string-regexp@1.0.5
61 silly idealTree │ ├── execa@0.7.0
61 silly idealTree │ ├── find-up@2.1.0
61 silly idealTree │ ├── fs.realpath@1.0.0
61 silly idealTree │ ├── get-caller-file@1.0.3
61 silly idealTree │ ├── get-stream@3.0.0
61 silly idealTree │ ├── glob@7.1.6
61 silly idealTree │ ├── global-dirs@0.1.1
61 silly idealTree │ ├── got@6.7.1
61 silly idealTree │ ├── graceful-fs@4.2.3
61 silly idealTree │ ├── has-flag@3.0.0
61 silly idealTree │ ├── hosted-git-info@2.8.5
61 silly idealTree │ ├── import-lazy@2.1.0
61 silly idealTree │ ├── imurmurhash@0.1.4
61 silly idealTree │ ├── inflight@1.0.6
61 silly idealTree │ ├── inherits@2.0.4
61 silly idealTree │ ├── ini@1.3.5
61 silly idealTree │ ├── invert-kv@2.0.0
61 silly idealTree │ ├── is-ci@1.2.1
61 silly idealTree │ ├── is-fullwidth-code-point@2.0.0
61 silly idealTree │ ├── is-installed-globally@0.1.0
61 silly idealTree │ ├── is-npm@1.0.0
61 silly idealTree │ ├── is-obj@1.0.1
61 silly idealTree │ ├── is-path-inside@1.0.1
61 silly idealTree │ ├── is-redirect@1.0.0
61 silly idealTree │ ├── is-retry-allowed@1.2.0
61 silly idealTree │ ├── is-stream@1.1.0
61 silly idealTree │ ├── isexe@2.0.0
61 silly idealTree │ ├── latest-version@3.1.0
61 silly idealTree │ ├── lcid@2.0.0
61 silly idealTree │ ├── libnpx@10.2.2
61 silly idealTree │ ├── locate-path@2.0.0
61 silly idealTree │ ├── lowercase-keys@1.0.1
61 silly idealTree │ ├── lru-cache@4.1.5
61 silly idealTree │ ├── make-dir@1.3.0
61 silly idealTree │ ├── map-age-cleaner@0.1.3
61 silly idealTree │ ├── mem@4.3.0
61 silly idealTree │ ├── mimic-fn@2.1.0
61 silly idealTree │ ├── minimatch@3.0.4
61 silly idealTree │ ├── minimist@1.2.0
61 silly idealTree │ ├── nice-try@1.0.5
61 silly idealTree │ ├── npm-package-arg@6.1.1
61 silly idealTree │ ├── npm-run-path@2.0.2
61 silly idealTree │ ├─┬ npm@5.1.0
61 silly idealTree │ │ ├── abbrev@1.1.0
61 silly idealTree │ │ ├── ansi-regex@3.0.0
61 silly idealTree │ │ ├── ansicolors@0.3.2
61 silly idealTree │ │ ├── ansistyles@0.1.3
61 silly idealTree │ │ ├── aproba@1.1.2
61 silly idealTree │ │ ├── archy@1.0.0
61 silly idealTree │ │ ├── bluebird@3.5.0
61 silly idealTree │ │ ├─┬ cacache@9.2.9
61 silly idealTree │ │ │ ├─┬ lru-cache@4.1.1
61 silly idealTree │ │ │ │ ├── pseudomap@1.0.2
61 silly idealTree │ │ │ │ └── yallist@2.1.2
61 silly idealTree │ │ │ └── y18n@3.2.1
61 silly idealTree │ │ ├── call-limit@1.1.0
61 silly idealTree │ │ ├── chownr@1.0.1
61 silly idealTree │ │ ├── cmd-shim@2.0.2
61 silly idealTree │ │ ├─┬ columnify@1.5.4
61 silly idealTree │ │ │ ├─┬ strip-ansi@3.0.1
61 silly idealTree │ │ │ │ └── ansi-regex@2.1.1
61 silly idealTree │ │ │ └─┬ wcwidth@1.0.1
61 silly idealTree │ │ │   └─┬ defaults@1.0.3
61 silly idealTree │ │ │     └── clone@1.0.2
61 silly idealTree │ │ ├─┬ config-chain@1.1.11
61 silly idealTree │ │ │ └── proto-list@1.2.4
61 silly idealTree │ │ ├── debuglog@1.0.1
61 silly idealTree │ │ ├── detect-indent@5.0.0
61 silly idealTree │ │ ├─┬ dezalgo@1.0.3
61 silly idealTree │ │ │ └── asap@2.0.5
61 silly idealTree │ │ ├── editor@1.0.0
61 silly idealTree │ │ ├── fs-vacuum@1.2.10
61 silly idealTree │ │ ├── fs-write-stream-atomic@1.0.10
61 silly idealTree │ │ ├─┬ fstream-npm@1.2.1
61 silly idealTree │ │ │ └─┬ fstream-ignore@1.0.5
61 silly idealTree │ │ │   └─┬ minimatch@3.0.4
61 silly idealTree │ │ │     └─┬ brace-expansion@1.1.8
61 silly idealTree │ │ │       ├── balanced-match@1.0.0
61 silly idealTree │ │ │       └── concat-map@0.0.1
61 silly idealTree │ │ ├── fstream@1.0.11
61 silly idealTree │ │ ├─┬ glob@7.1.2
61 silly idealTree │ │ │ ├── fs.realpath@1.0.0
61 silly idealTree │ │ │ ├─┬ minimatch@3.0.4
61 silly idealTree │ │ │ │ └─┬ brace-expansion@1.1.8
61 silly idealTree │ │ │ │   ├── balanced-match@1.0.0
61 silly idealTree │ │ │ │   └── concat-map@0.0.1
61 silly idealTree │ │ │ └── path-is-absolute@1.0.1
61 silly idealTree │ │ ├── graceful-fs@4.1.11
61 silly idealTree │ │ ├── has-unicode@2.0.1
61 silly idealTree │ │ ├── hosted-git-info@2.5.0
61 silly idealTree │ │ ├── iferr@0.1.5
61 silly idealTree │ │ ├── imurmurhash@0.1.4
61 silly idealTree │ │ ├── inflight@1.0.6
61 silly idealTree │ │ ├── inherits@2.0.3
61 silly idealTree │ │ ├── ini@1.3.4
61 silly idealTree │ │ ├─┬ init-package-json@1.10.1
61 silly idealTree │ │ │ └── promzard@0.3.0
61 silly idealTree │ │ ├─┬ JSONStream@1.3.1
61 silly idealTree │ │ │ ├── jsonparse@1.3.1
61 silly idealTree │ │ │ └── through@2.3.8
61 silly idealTree │ │ ├── lazy-property@1.0.0
61 silly idealTree │ │ ├── lockfile@1.0.3
61 silly idealTree │ │ ├── lodash._baseindexof@3.1.0
61 silly idealTree │ │ ├─┬ lodash._baseuniq@4.6.0
61 silly idealTree │ │ │ ├── lodash._createset@4.0.3
61 silly idealTree │ │ │ └── lodash._root@3.0.1
61 silly idealTree │ │ ├── lodash._bindcallback@3.0.1
61 silly idealTree │ │ ├── lodash._cacheindexof@3.0.2
61 silly idealTree │ │ ├── lodash._createcache@3.1.2
61 silly idealTree │ │ ├── lodash._getnative@3.9.1
61 silly idealTree │ │ ├── lodash.clonedeep@4.5.0
61 silly idealTree │ │ ├── lodash.restparam@3.6.1
61 silly idealTree │ │ ├── lodash.union@4.6.0
61 silly idealTree │ │ ├── lodash.uniq@4.5.0
61 silly idealTree │ │ ├── lodash.without@4.4.0
61 silly idealTree │ │ ├─┬ lru-cache@4.1.1
61 silly idealTree │ │ │ ├── pseudomap@1.0.2
61 silly idealTree │ │ │ └── yallist@2.1.2
61 silly idealTree │ │ ├─┬ mississippi@1.3.0
61 silly idealTree │ │ │ ├─┬ concat-stream@1.6.0
61 silly idealTree │ │ │ │ └── typedarray@0.0.6
61 silly idealTree │ │ │ ├─┬ duplexify@3.5.0
61 silly idealTree │ │ │ │ ├─┬ end-of-stream@1.0.0
61 silly idealTree │ │ │ │ │ └── once@1.3.3
61 silly idealTree │ │ │ │ └── stream-shift@1.0.0
61 silly idealTree │ │ │ ├── end-of-stream@1.4.0
61 silly idealTree │ │ │ ├── flush-write-stream@1.0.2
61 silly idealTree │ │ │ ├── from2@2.3.0
61 silly idealTree │ │ │ ├─┬ parallel-transform@1.1.0
61 silly idealTree │ │ │ │ └── cyclist@0.2.2
61 silly idealTree │ │ │ ├── pump@1.0.2
61 silly idealTree │ │ │ ├── pumpify@1.3.5
61 silly idealTree │ │ │ ├─┬ stream-each@1.2.0
61 silly idealTree │ │ │ │ └── stream-shift@1.0.0
61 silly idealTree │ │ │ └─┬ through2@2.0.3
61 silly idealTree │ │ │   └── xtend@4.0.1
61 silly idealTree │ │ ├─┬ mkdirp@0.5.1
61 silly idealTree │ │ │ └── minimist@0.0.8
61 silly idealTree │ │ ├─┬ move-concurrently@1.0.1
61 silly idealTree │ │ │ ├── copy-concurrently@1.0.3
61 silly idealTree │ │ │ └── run-queue@1.0.3
61 silly idealTree │ │ ├─┬ node-gyp@3.6.2
61 silly idealTree │ │ │ ├─┬ minimatch@3.0.4
61 silly idealTree │ │ │ │ └─┬ brace-expansion@1.1.8
61 silly idealTree │ │ │ │   ├── balanced-match@1.0.0
61 silly idealTree │ │ │ │   └── concat-map@0.0.1
61 silly idealTree │ │ │ └── nopt@3.0.6
61 silly idealTree │ │ ├── nopt@4.0.1
61 silly idealTree │ │ ├─┬ normalize-package-data@2.4.0
61 silly idealTree │ │ │ └─┬ is-builtin-module@1.0.0
61 silly idealTree │ │ │   └── builtin-modules@1.1.1
61 silly idealTree │ │ ├── npm-cache-filename@1.0.2
61 silly idealTree │ │ ├── npm-install-checks@3.0.0
61 silly idealTree │ │ ├── npm-package-arg@5.1.2
61 silly idealTree │ │ ├─┬ npm-registry-client@8.4.0
61 silly idealTree │ │ │ └─┬ concat-stream@1.6.0
61 silly idealTree │ │ │   └── typedarray@0.0.6
61 silly idealTree │ │ ├── npm-user-validate@1.0.0
61 silly idealTree │ │ ├─┬ npmlog@4.1.2
61 silly idealTree │ │ │ ├─┬ are-we-there-yet@1.1.4
61 silly idealTree │ │ │ │ └── delegates@1.0.0
61 silly idealTree │ │ │ ├── console-control-strings@1.1.0
61 silly idealTree │ │ │ ├─┬ gauge@2.7.4
61 silly idealTree │ │ │ │ ├── object-assign@4.1.1
61 silly idealTree │ │ │ │ ├── signal-exit@3.0.2
61 silly idealTree │ │ │ │ ├─┬ string-width@1.0.2
61 silly idealTree │ │ │ │ │ ├── code-point-at@1.1.0
61 silly idealTree │ │ │ │ │ └─┬ is-fullwidth-code-point@1.0.0
61 silly idealTree │ │ │ │ │   └── number-is-nan@1.0.1
61 silly idealTree │ │ │ │ ├─┬ strip-ansi@3.0.1
61 silly idealTree │ │ │ │ │ └── ansi-regex@2.1.1
61 silly idealTree │ │ │ │ └── wide-align@1.1.2
61 silly idealTree │ │ │ └── set-blocking@2.0.0
61 silly idealTree │ │ ├── once@1.4.0
61 silly idealTree │ │ ├── opener@1.4.3
61 silly idealTree │ │ ├─┬ osenv@0.1.4
61 silly idealTree │ │ │ ├── os-homedir@1.0.2
61 silly idealTree │ │ │ └── os-tmpdir@1.0.2
61 silly idealTree │ │ ├─┬ pacote@2.7.38
61 silly idealTree │ │ │ ├─┬ make-fetch-happen@2.4.13
61 silly idealTree │ │ │ │ ├─┬ agentkeepalive@3.3.0
61 silly idealTree │ │ │ │ │ └─┬ humanize-ms@1.2.1
61 silly idealTree │ │ │ │ │   └── ms@2.0.0
61 silly idealTree │ │ │ │ ├── http-cache-semantics@3.7.3
61 silly idealTree │ │ │ │ ├─┬ http-proxy-agent@2.0.0
61 silly idealTree │ │ │ │ │ ├─┬ agent-base@4.1.0
61 silly idealTree │ │ │ │ │ │ └─┬ es6-promisify@5.0.0
61 silly idealTree │ │ │ │ │ │   └── es6-promise@4.1.1
61 silly idealTree │ │ │ │ │ └─┬ debug@2.6.8
61 silly idealTree │ │ │ │ │   └── ms@2.0.0
61 silly idealTree │ │ │ │ ├─┬ https-proxy-agent@2.0.0
61 silly idealTree │ │ │ │ │ ├─┬ agent-base@4.1.0
61 silly idealTree │ │ │ │ │ │ └─┬ es6-promisify@5.0.0
61 silly idealTree │ │ │ │ │ │   └── es6-promise@4.1.1
61 silly idealTree │ │ │ │ │ └─┬ debug@2.6.8
61 silly idealTree │ │ │ │ │   └── ms@2.0.0
61 silly idealTree │ │ │ │ ├─┬ node-fetch-npm@2.0.1
61 silly idealTree │ │ │ │ │ ├─┬ encoding@0.1.12
61 silly idealTree │ │ │ │ │ │ └── iconv-lite@0.4.18
61 silly idealTree │ │ │ │ │ └─┬ json-parse-helpfulerror@1.0.3
61 silly idealTree │ │ │ │ │   └── jju@1.3.0
61 silly idealTree │ │ │ │ └─┬ socks-proxy-agent@3.0.0
61 silly idealTree │ │ │ │   ├─┬ agent-base@4.1.0
61 silly idealTree │ │ │ │   │ └─┬ es6-promisify@5.0.0
61 silly idealTree │ │ │ │   │   └── es6-promise@4.1.1
61 silly idealTree │ │ │ │   └─┬ socks@1.1.10
61 silly idealTree │ │ │ │     ├── ip@1.1.5
61 silly idealTree │ │ │ │     └── smart-buffer@1.1.15
61 silly idealTree │ │ │ ├─┬ minimatch@3.0.4
61 silly idealTree │ │ │ │ └─┬ brace-expansion@1.1.8
61 silly idealTree │ │ │ │   ├── balanced-match@1.0.0
61 silly idealTree │ │ │ │   └── concat-map@0.0.1
61 silly idealTree │ │ │ ├── npm-pick-manifest@1.0.4
61 silly idealTree │ │ │ ├─┬ promise-retry@1.1.1
61 silly idealTree │ │ │ │ └── err-code@1.1.2
61 silly idealTree │ │ │ ├─┬ protoduck@4.0.0
61 silly idealTree │ │ │ │ └── genfun@4.0.1
61 silly idealTree │ │ │ ├─┬ tar-fs@1.15.3
61 silly idealTree │ │ │ │ └─┬ pump@1.0.2
61 silly idealTree │ │ │ │   └── end-of-stream@1.4.0
61 silly idealTree │ │ │ └─┬ tar-stream@1.5.4
61 silly idealTree │ │ │   ├── bl@1.2.1
61 silly idealTree │ │ │   ├── end-of-stream@1.4.0
61 silly idealTree │ │ │   └── xtend@4.0.1
61 silly idealTree │ │ ├── path-is-inside@1.0.2
61 silly idealTree │ │ ├── promise-inflight@1.0.1
61 silly idealTree │ │ ├── read-cmd-shim@1.0.1
61 silly idealTree │ │ ├─┬ read-installed@4.0.3
61 silly idealTree │ │ │ └── util-extend@1.0.3
61 silly idealTree │ │ ├─┬ read-package-json@2.0.9
61 silly idealTree │ │ │ └─┬ json-parse-helpfulerror@1.0.3
61 silly idealTree │ │ │   └── jju@1.3.0
61 silly idealTree │ │ ├── read-package-tree@5.1.6
61 silly idealTree │ │ ├─┬ read@1.0.7
61 silly idealTree │ │ │ └── mute-stream@0.0.7
61 silly idealTree │ │ ├─┬ readable-stream@2.3.2
61 silly idealTree │ │ │ ├── core-util-is@1.0.2
61 silly idealTree │ │ │ ├── isarray@1.0.0
61 silly idealTree │ │ │ ├── process-nextick-args@1.0.7
61 silly idealTree │ │ │ ├── string_decoder@1.0.3
61 silly idealTree │ │ │ └── util-deprecate@1.0.2
61 silly idealTree │ │ ├── readdir-scoped-modules@1.0.2
61 silly idealTree │ │ ├─┬ request@2.81.0
61 silly idealTree │ │ │ ├── aws-sign2@0.6.0
61 silly idealTree │ │ │ ├── aws4@1.6.0
61 silly idealTree │ │ │ ├── caseless@0.12.0
61 silly idealTree │ │ │ ├─┬ combined-stream@1.0.5
61 silly idealTree │ │ │ │ └── delayed-stream@1.0.0
61 silly idealTree │ │ │ ├── extend@3.0.1
61 silly idealTree │ │ │ ├── forever-agent@0.6.1
61 silly idealTree │ │ │ ├─┬ form-data@2.1.4
61 silly idealTree │ │ │ │ └── asynckit@0.4.0
61 silly idealTree │ │ │ ├─┬ har-validator@4.2.1
61 silly idealTree │ │ │ │ ├─┬ ajv@4.11.8
61 silly idealTree │ │ │ │ │ ├── co@4.6.0
61 silly idealTree │ │ │ │ │ └─┬ json-stable-stringify@1.0.1
61 silly idealTree │ │ │ │ │   └── jsonify@0.0.0
61 silly idealTree │ │ │ │ └── har-schema@1.0.5
61 silly idealTree │ │ │ ├─┬ hawk@3.1.3
61 silly idealTree │ │ │ │ ├── boom@2.10.1
61 silly idealTree │ │ │ │ ├── cryptiles@2.0.5
61 silly idealTree │ │ │ │ ├── hoek@2.16.3
61 silly idealTree │ │ │ │ └── sntp@1.0.9
61 silly idealTree │ │ │ ├─┬ http-signature@1.1.1
61 silly idealTree │ │ │ │ ├── assert-plus@0.2.0
61 silly idealTree │ │ │ │ ├─┬ jsprim@1.4.0
61 silly idealTree │ │ │ │ │ ├── assert-plus@1.0.0
61 silly idealTree │ │ │ │ │ ├── extsprintf@1.0.2
61 silly idealTree │ │ │ │ │ ├── json-schema@0.2.3
61 silly idealTree │ │ │ │ │ └── verror@1.3.6
61 silly idealTree │ │ │ │ └─┬ sshpk@1.13.1
61 silly idealTree │ │ │ │   ├── asn1@0.2.3
61 silly idealTree │ │ │ │   ├── assert-plus@1.0.0
61 silly idealTree │ │ │ │   ├── bcrypt-pbkdf@1.0.1
61 silly idealTree │ │ │ │   ├── dashdash@1.14.1
61 silly idealTree │ │ │ │   ├── ecc-jsbn@0.1.1
61 silly idealTree │ │ │ │   ├── getpass@0.1.7
61 silly idealTree │ │ │ │   ├── jsbn@0.1.1
61 silly idealTree │ │ │ │   └── tweetnacl@0.14.5
61 silly idealTree │ │ │ ├── is-typedarray@1.0.0
61 silly idealTree │ │ │ ├── isstream@0.1.2
61 silly idealTree │ │ │ ├── json-stringify-safe@5.0.1
61 silly idealTree │ │ │ ├─┬ mime-types@2.1.15
61 silly idealTree │ │ │ │ └── mime-db@1.27.0
61 silly idealTree │ │ │ ├── oauth-sign@0.8.2
61 silly idealTree │ │ │ ├── performance-now@0.2.0
61 silly idealTree │ │ │ ├── qs@6.4.0
61 silly idealTree │ │ │ ├── stringstream@0.0.5
61 silly idealTree │ │ │ ├─┬ tough-cookie@2.3.2
61 silly idealTree │ │ │ │ └── punycode@1.4.1
61 silly idealTree │ │ │ └── tunnel-agent@0.6.0
61 silly idealTree │ │ ├── retry@0.10.1
61 silly idealTree │ │ ├── rimraf@2.6.1
61 silly idealTree │ │ ├── safe-buffer@5.1.1
61 silly idealTree │ │ ├── semver@5.3.0
61 silly idealTree │ │ ├── sha@2.0.1
61 silly idealTree │ │ ├── slide@1.1.6
61 silly idealTree │ │ ├── sorted-object@2.0.1
61 silly idealTree │ │ ├─┬ sorted-union-stream@2.1.3
61 silly idealTree │ │ │ ├─┬ from2@1.3.0
61 silly idealTree │ │ │ │ └─┬ readable-stream@1.1.14
61 silly idealTree │ │ │ │   ├── core-util-is@1.0.2
61 silly idealTree │ │ │ │   ├── isarray@0.0.1
61 silly idealTree │ │ │ │   └── string_decoder@0.10.31
61 silly idealTree │ │ │ └─┬ stream-iterate@1.2.0
61 silly idealTree │ │ │   └── stream-shift@1.0.0
61 silly idealTree │ │ ├── ssri@4.1.6
61 silly idealTree │ │ ├─┬ strip-ansi@4.0.0
61 silly idealTree │ │ │ └── ansi-regex@3.0.0
61 silly idealTree │ │ ├─┬ tar@2.2.1
61 silly idealTree │ │ │ └── block-stream@0.0.9
61 silly idealTree │ │ ├── text-table@0.2.0
61 silly idealTree │ │ ├── uid-number@0.0.6
61 silly idealTree │ │ ├── umask@1.1.0
61 silly idealTree │ │ ├─┬ unique-filename@1.1.0
61 silly idealTree │ │ │ └── unique-slug@2.0.0
61 silly idealTree │ │ ├── unpipe@1.0.0
61 silly idealTree │ │ ├─┬ update-notifier@2.2.0
61 silly idealTree │ │ │ ├─┬ boxen@1.1.0
61 silly idealTree │ │ │ │ ├── ansi-align@2.0.0
61 silly idealTree │ │ │ │ ├── camelcase@4.1.0
61 silly idealTree │ │ │ │ ├── cli-boxes@1.0.0
61 silly idealTree │ │ │ │ ├─┬ string-width@2.1.0
61 silly idealTree │ │ │ │ │ ├── is-fullwidth-code-point@2.0.0
61 silly idealTree │ │ │ │ │ └── strip-ansi@4.0.0
61 silly idealTree │ │ │ │ ├─┬ term-size@0.1.1
61 silly idealTree │ │ │ │ │ └─┬ execa@0.4.0
61 silly idealTree │ │ │ │ │   ├── cross-spawn-async@2.2.5
61 silly idealTree │ │ │ │ │   ├── is-stream@1.1.0
61 silly idealTree │ │ │ │ │   ├── npm-run-path@1.0.0
61 silly idealTree │ │ │ │ │   ├── object-assign@4.1.1
61 silly idealTree │ │ │ │ │   ├── path-key@1.0.0
61 silly idealTree │ │ │ │ │   └── strip-eof@1.0.0
61 silly idealTree │ │ │ │ └─┬ widest-line@1.0.0
61 silly idealTree │ │ │ │   └─┬ string-width@1.0.2
61 silly idealTree │ │ │ │     ├── code-point-at@1.1.0
61 silly idealTree │ │ │ │     ├─┬ is-fullwidth-code-point@1.0.0
61 silly idealTree │ │ │ │     │ └── number-is-nan@1.0.1
61 silly idealTree │ │ │ │     └─┬ strip-ansi@3.0.1
61 silly idealTree │ │ │ │       └── ansi-regex@2.1.1
61 silly idealTree │ │ │ ├─┬ chalk@1.1.3
61 silly idealTree │ │ │ │ ├── ansi-styles@2.2.1
61 silly idealTree │ │ │ │ ├── escape-string-regexp@1.0.5
61 silly idealTree │ │ │ │ ├─┬ has-ansi@2.0.0
61 silly idealTree │ │ │ │ │ └── ansi-regex@2.1.1
61 silly idealTree │ │ │ │ ├─┬ strip-ansi@3.0.1
61 silly idealTree │ │ │ │ │ └── ansi-regex@2.1.1
61 silly idealTree │ │ │ │ └── supports-color@2.0.0
61 silly idealTree │ │ │ ├─┬ configstore@3.1.0
61 silly idealTree │ │ │ │ ├─┬ dot-prop@4.1.1
61 silly idealTree │ │ │ │ │ └── is-obj@1.0.1
61 silly idealTree │ │ │ │ ├─┬ make-dir@1.0.0
61 silly idealTree │ │ │ │ │ └── pify@2.3.0
61 silly idealTree │ │ │ │ └─┬ unique-string@1.0.0
61 silly idealTree │ │ │ │   └── crypto-random-string@1.0.0
61 silly idealTree │ │ │ ├── import-lazy@2.1.0
61 silly idealTree │ │ │ ├── is-npm@1.0.0
61 silly idealTree │ │ │ ├─┬ latest-version@3.1.0
61 silly idealTree │ │ │ │ └─┬ package-json@4.0.1
61 silly idealTree │ │ │ │   ├─┬ got@6.7.1
61 silly idealTree │ │ │ │   │ ├─┬ create-error-class@3.0.2
61 silly idealTree │ │ │ │   │ │ └── capture-stack-trace@1.0.0
61 silly idealTree │ │ │ │   │ ├── duplexer3@0.1.4
61 silly idealTree │ │ │ │   │ ├── get-stream@3.0.0
61 silly idealTree │ │ │ │   │ ├── is-redirect@1.0.0
61 silly idealTree │ │ │ │   │ ├── is-retry-allowed@1.1.0
61 silly idealTree │ │ │ │   │ ├── is-stream@1.1.0
61 silly idealTree │ │ │ │   │ ├── lowercase-keys@1.0.0
61 silly idealTree │ │ │ │   │ ├── timed-out@4.0.1
61 silly idealTree │ │ │ │   │ ├── unzip-response@2.0.1
61 silly idealTree │ │ │ │   │ └─┬ url-parse-lax@1.0.0
61 silly idealTree │ │ │ │   │   └── prepend-http@1.0.4
61 silly idealTree │ │ │ │   ├─┬ registry-auth-token@3.3.1
61 silly idealTree │ │ │ │   │ └─┬ rc@1.2.1
61 silly idealTree │ │ │ │   │   ├── deep-extend@0.4.2
61 silly idealTree │ │ │ │   │   ├── minimist@1.2.0
61 silly idealTree │ │ │ │   │   └── strip-json-comments@2.0.1
61 silly idealTree │ │ │ │   └─┬ registry-url@3.1.0
61 silly idealTree │ │ │ │     └─┬ rc@1.2.1
61 silly idealTree │ │ │ │       ├── deep-extend@0.4.2
61 silly idealTree │ │ │ │       ├── minimist@1.2.0
61 silly idealTree │ │ │ │       └── strip-json-comments@2.0.1
61 silly idealTree │ │ │ ├── semver-diff@2.1.0
61 silly idealTree │ │ │ └── xdg-basedir@3.0.0
61 silly idealTree │ │ ├── uuid@3.1.0
61 silly idealTree │ │ ├─┬ validate-npm-package-license@3.0.1
61 silly idealTree │ │ │ ├─┬ spdx-correct@1.0.2
61 silly idealTree │ │ │ │ └── spdx-license-ids@1.2.2
61 silly idealTree │ │ │ └── spdx-expression-parse@1.0.4
61 silly idealTree │ │ ├─┬ validate-npm-package-name@3.0.0
61 silly idealTree │ │ │ └── builtins@1.0.3
61 silly idealTree │ │ ├─┬ which@1.2.14
61 silly idealTree │ │ │ └── isexe@2.0.0
61 silly idealTree │ │ ├─┬ worker-farm@1.3.1
61 silly idealTree │ │ │ ├─┬ errno@0.1.4
61 silly idealTree │ │ │ │ └── prr@0.0.0
61 silly idealTree │ │ │ └── xtend@4.0.1
61 silly idealTree │ │ ├── wrappy@1.0.2
61 silly idealTree │ │ └── write-file-atomic@2.1.0
61 silly idealTree │ ├── number-is-nan@1.0.1
61 silly idealTree │ ├── once@1.4.0
61 silly idealTree │ ├── os-homedir@1.0.2
61 silly idealTree │ ├─┬ os-locale@3.1.0
61 silly idealTree │ │ ├── cross-spawn@6.0.5
61 silly idealTree │ │ ├── execa@1.0.0
61 silly idealTree │ │ └── get-stream@4.1.0
61 silly idealTree │ ├── os-tmpdir@1.0.2
61 silly idealTree │ ├── osenv@0.1.5
61 silly idealTree │ ├── p-defer@1.0.0
61 silly idealTree │ ├── p-finally@1.0.0
61 silly idealTree │ ├── p-is-promise@2.1.0
61 silly idealTree │ ├── p-limit@1.3.0
61 silly idealTree │ ├── p-locate@2.0.0
61 silly idealTree │ ├── p-try@1.0.0
61 silly idealTree │ ├── package-json@4.0.1
61 silly idealTree │ ├── path-exists@3.0.0
61 silly idealTree │ ├── path-is-absolute@1.0.1
61 silly idealTree │ ├── path-is-inside@1.0.2
61 silly idealTree │ ├── path-key@2.0.1
61 silly idealTree │ ├── pify@3.0.0
61 silly idealTree │ ├── prepend-http@1.0.4
61 silly idealTree │ ├── pseudomap@1.0.2
61 silly idealTree │ ├── pump@3.0.0
61 silly idealTree │ ├── rc@1.2.8
61 silly idealTree │ ├── registry-auth-token@3.4.0
61 silly idealTree │ ├── registry-url@3.1.0
61 silly idealTree │ ├── require-directory@2.1.1
61 silly idealTree │ ├── require-main-filename@1.0.1
61 silly idealTree │ ├── rimraf@2.7.1
61 silly idealTree │ ├── safe-buffer@5.2.0
61 silly idealTree │ ├── semver-diff@2.1.0
61 silly idealTree │ ├── semver@5.7.1
61 silly idealTree │ ├── set-blocking@2.0.0
61 silly idealTree │ ├── shebang-command@1.2.0
61 silly idealTree │ ├── shebang-regex@1.0.0
61 silly idealTree │ ├── signal-exit@3.0.2
61 silly idealTree │ ├── string-width@2.1.1
61 silly idealTree │ ├── strip-ansi@4.0.0
61 silly idealTree │ ├── strip-eof@1.0.0
61 silly idealTree │ ├── strip-json-comments@2.0.1
61 silly idealTree │ ├── supports-color@5.5.0
61 silly idealTree │ ├── term-size@1.2.0
61 silly idealTree │ ├── timed-out@4.0.1
61 silly idealTree │ ├── unique-string@1.0.0
61 silly idealTree │ ├── unzip-response@2.0.1
61 silly idealTree │ ├── update-notifier@2.5.0
61 silly idealTree │ ├── url-parse-lax@1.0.0
61 silly idealTree │ ├── validate-npm-package-name@3.0.0
61 silly idealTree │ ├── which-module@2.0.0
61 silly idealTree │ ├── which@1.3.1
61 silly idealTree │ ├── widest-line@2.0.1
61 silly idealTree │ ├─┬ wrap-ansi@2.1.0
61 silly idealTree │ │ ├── ansi-regex@2.1.1
61 silly idealTree │ │ ├── is-fullwidth-code-point@1.0.0
61 silly idealTree │ │ ├── string-width@1.0.2
61 silly idealTree │ │ └── strip-ansi@3.0.1
61 silly idealTree │ ├── wrappy@1.0.2
61 silly idealTree │ ├── write-file-atomic@2.4.3
61 silly idealTree │ ├── xdg-basedir@3.0.0
61 silly idealTree │ ├── y18n@4.0.0
61 silly idealTree │ ├── yallist@2.1.2
61 silly idealTree │ ├── yargs-parser@9.0.2
61 silly idealTree │ └─┬ yargs@11.1.1
61 silly idealTree │   └── y18n@3.2.1
61 silly idealTree ├── nvm@0.0.4
61 silly idealTree ├── once@1.4.0
61 silly idealTree ├── p-cancelable@1.1.0
61 silly idealTree ├── package-json@6.5.0
61 silly idealTree ├── prepend-http@2.0.0
61 silly idealTree ├── pump@3.0.0
61 silly idealTree ├── rc@1.2.8
61 silly idealTree ├── registry-auth-token@4.1.1
61 silly idealTree ├── registry-url@5.1.0
61 silly idealTree ├── responselike@1.0.2
61 silly idealTree ├── semver@6.3.0
61 silly idealTree ├── strip-json-comments@2.0.1
61 silly idealTree ├── to-readable-stream@1.0.0
61 silly idealTree ├── url-parse-lax@3.0.0
61 silly idealTree └── wrappy@1.0.2
62 silly generateActionsToTake Starting
63 silly install generateActionsToTake
64 warn checkPermissions Missing write access to /home/magnus/tamanga_catalogue/node_modules/latest-version
65 warn checkPermissions Missing write access to /home/magnus/tamanga_catalogue/node_modules/npx
66 warn checkPermissions Missing write access to /home/magnus/tamanga_catalogue/node_modules
67 silly rollbackFailedOptional Starting
68 silly rollbackFailedOptional Finishing
69 silly runTopLevelLifecycles Starting
70 silly runTopLevelLifecycles Finishing
71 silly install printInstalled
72 warn tamanga_catalogue@ No repository field.
73 warn tamanga_catalogue@ No license field.
74 verbose stack Error: EACCES: permission denied, access '/home/magnus/tamanga_catalogue/node_modules/latest-version'
75 verbose cwd /home/magnus/tamanga_catalogue
76 error Linux 4.15.0-66-generic
77 error argv "/usr/bin/node" "/usr/bin/npm" "install" "nvm"
78 error node v8.10.0
79 error npm  v3.5.2
80 error path /home/magnus/tamanga_catalogue/node_modules/latest-version
81 error code EACCES
82 error errno -13
83 error syscall access
84 error Error: EACCES: permission denied, access '/home/magnus/tamanga_catalogue/node_modules/latest-version'
84 error  { Error: EACCES: permission denied, access '/home/magnus/tamanga_catalogue/node_modules/latest-version'
84 error   errno: -13,
84 error   code: 'EACCES',
84 error   syscall: 'access',
84 error   path: '/home/magnus/tamanga_catalogue/node_modules/latest-version' }
85 error Please try running this command again as root/Administrator.
86 verbose exit [ -13, true ]
